  [1m[35m (1438.6ms)[0m  [1m[35mCREATE DATABASE "budget_app_development" ENCODING = 'unicode'[0m
  [1m[35m (502.1ms)[0m  [1m[35mCREATE DATABASE "budget_app_test" ENCODING = 'unicode'[0m
  [1m[35m (10.6ms)[0m  [1m[35mCREATE DATABASE "budget_app_development" ENCODING = 'unicode'[0m
  [1m[35m (1.2ms)[0m  [1m[35mCREATE DATABASE "budget_app_test" ENCODING = 'unicode'[0m
  [1m[35m (39.2ms)[0m  [1m[35mCREATE TABLE "schema_migrations" ("version" character varying NOT NULL PRIMARY KEY)[0m
  [1m[35m (11.6ms)[0m  [1m[35mCREATE TABLE "ar_internal_metadata" ("key" character varying NOT NULL PRIMARY KEY, "value" character varying, "created_at" timestamp(6) NOT NULL, "updated_at" timestamp(6) NOT NULL)[0m
  [1m[35m (0.9ms)[0m  [1m[34mSELECT pg_try_advisory_lock(2127889314188895495)[0m
  [1m[36mActiveRecord::SchemaMigration Load (1.6ms)[0m  [1m[34mSELECT "schema_migrations"."version" FROM "schema_migrations" ORDER BY "schema_migrations"."version" ASC[0m
  [1m[36mActiveRecord::InternalMetadata Load (2.3ms)[0m  [1m[34mSELECT * FROM "ar_internal_metadata" WHERE "ar_internal_metadata"."key" = $1 ORDER BY "ar_internal_metadata"."key" ASC LIMIT 1[0m  [[nil, "environment"]]
  [1m[36mActiveRecord::InternalMetadata Create (2.6ms)[0m  [1m[32mINSERT INTO "ar_internal_metadata" ("key", "value", "created_at", "updated_at") VALUES ('environment', 'development', '2023-11-20 20:59:42.932422', '2023-11-20 20:59:42.932428') RETURNING "key"[0m
Migrating to CreateUsers (20231120203341)
  [1m[36mTRANSACTION (0.6ms)[0m  [1m[35mBEGIN[0m
  [1m[35m (19.0ms)[0m  [1m[35mCREATE TABLE "users" ("id" bigserial primary key, "name" character varying, "created_at" timestamp(6) NOT NULL, "updated_at" timestamp(6) NOT NULL)[0m
  [1m[36mActiveRecord::SchemaMigration Create (1.7ms)[0m  [1m[32mINSERT INTO "schema_migrations" ("version") VALUES ('20231120203341') RETURNING "version"[0m
  [1m[36mTRANSACTION (0.8ms)[0m  [1m[35mCOMMIT[0m
Migrating to CreateDeals (20231120203952)
  [1m[36mTRANSACTION (0.7ms)[0m  [1m[35mBEGIN[0m
  [1m[35m (19.9ms)[0m  [1m[35mCREATE TABLE "deals" ("id" bigserial primary key, "user_id" bigint NOT NULL, "name" character varying, "amount" integer, "CreatedAt" timestamp(6), "created_at" timestamp(6) NOT NULL, "updated_at" timestamp(6) NOT NULL, CONSTRAINT "fk_rails_f64a19bbd9"
FOREIGN KEY ("user_id")
  REFERENCES "users" ("id")
)[0m
  [1m[35m (2.7ms)[0m  [1m[35mCREATE INDEX "index_deals_on_user_id" ON "deals" ("user_id")[0m
  [1m[36mActiveRecord::SchemaMigration Create (0.9ms)[0m  [1m[32mINSERT INTO "schema_migrations" ("version") VALUES ('20231120203952') RETURNING "version"[0m
  [1m[36mTRANSACTION (0.7ms)[0m  [1m[35mCOMMIT[0m
Migrating to CreateCategories (20231120204211)
  [1m[36mTRANSACTION (0.4ms)[0m  [1m[35mBEGIN[0m
  [1m[35m (13.4ms)[0m  [1m[35mCREATE TABLE "categories" ("id" bigserial primary key, "user_id" bigint NOT NULL, "name" character varying, "icon" character varying, "CreatedAt" timestamp(6), "created_at" timestamp(6) NOT NULL, "updated_at" timestamp(6) NOT NULL, CONSTRAINT "fk_rails_b8e2f7adfc"
FOREIGN KEY ("user_id")
  REFERENCES "users" ("id")
)[0m
  [1m[35m (3.1ms)[0m  [1m[35mCREATE INDEX "index_categories_on_user_id" ON "categories" ("user_id")[0m
  [1m[36mActiveRecord::SchemaMigration Create (0.4ms)[0m  [1m[32mINSERT INTO "schema_migrations" ("version") VALUES ('20231120204211') RETURNING "version"[0m
  [1m[36mTRANSACTION (0.6ms)[0m  [1m[35mCOMMIT[0m
Migrating to CreateDealsCategories (20231120205831)
  [1m[36mTRANSACTION (0.6ms)[0m  [1m[35mBEGIN[0m
  [1m[35m (10.9ms)[0m  [1m[35mCREATE TABLE "deals_categories" ("id" bigserial primary key, "deal_id" bigint NOT NULL, "category_id" bigint NOT NULL, "created_at" timestamp(6) NOT NULL, "updated_at" timestamp(6) NOT NULL, CONSTRAINT "fk_rails_ff91605f12"
FOREIGN KEY ("deal_id")
  REFERENCES "deals" ("id")
, CONSTRAINT "fk_rails_2d9a9f07dd"
FOREIGN KEY ("category_id")
  REFERENCES "categories" ("id")
)[0m
  [1m[35m (3.0ms)[0m  [1m[35mCREATE INDEX "index_deals_categories_on_deal_id" ON "deals_categories" ("deal_id")[0m
  [1m[35m (3.2ms)[0m  [1m[35mCREATE INDEX "index_deals_categories_on_category_id" ON "deals_categories" ("category_id")[0m
  [1m[36mActiveRecord::SchemaMigration Create (0.4ms)[0m  [1m[32mINSERT INTO "schema_migrations" ("version") VALUES ('20231120205831') RETURNING "version"[0m
  [1m[36mTRANSACTION (0.5ms)[0m  [1m[35mCOMMIT[0m
  [1m[35m (0.5ms)[0m  [1m[34mSELECT pg_advisory_unlock(2127889314188895495)[0m
  [1m[36mActiveRecord::SchemaMigration Load (0.4ms)[0m  [1m[34mSELECT "schema_migrations"."version" FROM "schema_migrations" ORDER BY "schema_migrations"."version" ASC[0m
  [1m[35m (1.6ms)[0m  [1m[34mSELECT pg_try_advisory_lock(2127889314188895495)[0m
  [1m[36mActiveRecord::SchemaMigration Load (4.2ms)[0m  [1m[34mSELECT "schema_migrations"."version" FROM "schema_migrations" ORDER BY "schema_migrations"."version" ASC[0m
  [1m[36mActiveRecord::InternalMetadata Load (4.7ms)[0m  [1m[34mSELECT * FROM "ar_internal_metadata" WHERE "ar_internal_metadata"."key" = $1 ORDER BY "ar_internal_metadata"."key" ASC LIMIT 1[0m  [[nil, "environment"]]
Migrating to RemoveCreatedAtFromDeals (20231120213528)
  [1m[36mTRANSACTION (0.2ms)[0m  [1m[35mBEGIN[0m
  [1m[35m (14.6ms)[0m  [1m[35mALTER TABLE "deals" DROP COLUMN "CreatedAt"[0m
  [1m[36mActiveRecord::SchemaMigration Create (2.8ms)[0m  [1m[32mINSERT INTO "schema_migrations" ("version") VALUES ('20231120213528') RETURNING "version"[0m
  [1m[36mTRANSACTION (1.3ms)[0m  [1m[35mCOMMIT[0m
Migrating to RemoveCreatedAtFromCategories (20231120213548)
  [1m[36mTRANSACTION (0.3ms)[0m  [1m[35mBEGIN[0m
  [1m[35m (2.1ms)[0m  [1m[35mALTER TABLE "categories" DROP COLUMN "CreatedAt"[0m
  [1m[36mActiveRecord::SchemaMigration Create (0.5ms)[0m  [1m[32mINSERT INTO "schema_migrations" ("version") VALUES ('20231120213548') RETURNING "version"[0m
  [1m[36mTRANSACTION (0.5ms)[0m  [1m[35mCOMMIT[0m
  [1m[35m (0.7ms)[0m  [1m[34mSELECT pg_advisory_unlock(2127889314188895495)[0m
  [1m[36mActiveRecord::SchemaMigration Load (0.6ms)[0m  [1m[34mSELECT "schema_migrations"."version" FROM "schema_migrations" ORDER BY "schema_migrations"."version" ASC[0m
  [1m[35m (0.3ms)[0m  [1m[34mSELECT pg_try_advisory_lock(2127889314188895495)[0m
  [1m[36mActiveRecord::SchemaMigration Load (2.5ms)[0m  [1m[34mSELECT "schema_migrations"."version" FROM "schema_migrations" ORDER BY "schema_migrations"."version" ASC[0m
  [1m[36mActiveRecord::InternalMetadata Load (2.7ms)[0m  [1m[34mSELECT * FROM "ar_internal_metadata" WHERE "ar_internal_metadata"."key" = $1 ORDER BY "ar_internal_metadata"."key" ASC LIMIT 1[0m  [[nil, "environment"]]
Migrating to ChangeUserIdToAuthorIdInDeals (20231120213833)
  [1m[36mTRANSACTION (0.2ms)[0m  [1m[35mBEGIN[0m
  [1m[35m (5.9ms)[0m  [1m[35mALTER TABLE "deals" RENAME COLUMN "user_id" TO "author_id"[0m
  [1m[35m (2.1ms)[0m  [1m[35mALTER INDEX "index_deals_on_user_id" RENAME TO "index_deals_on_author_id"[0m
  [1m[36mActiveRecord::SchemaMigration Create (0.5ms)[0m  [1m[32mINSERT INTO "schema_migrations" ("version") VALUES ('20231120213833') RETURNING "version"[0m
  [1m[36mTRANSACTION (1.3ms)[0m  [1m[35mCOMMIT[0m
Migrating to ChangeUserIdToAuthorIdInCategories (20231120213856)
  [1m[36mTRANSACTION (0.3ms)[0m  [1m[35mBEGIN[0m
  [1m[35m (2.0ms)[0m  [1m[35mALTER TABLE "categories" RENAME COLUMN "user_id" TO "author_id"[0m
  [1m[35m (0.4ms)[0m  [1m[35mALTER INDEX "index_categories_on_user_id" RENAME TO "index_categories_on_author_id"[0m
  [1m[36mActiveRecord::SchemaMigration Create (0.5ms)[0m  [1m[32mINSERT INTO "schema_migrations" ("version") VALUES ('20231120213856') RETURNING "version"[0m
  [1m[36mTRANSACTION (0.5ms)[0m  [1m[35mCOMMIT[0m
  [1m[35m (0.4ms)[0m  [1m[34mSELECT pg_advisory_unlock(2127889314188895495)[0m
  [1m[36mActiveRecord::SchemaMigration Load (0.9ms)[0m  [1m[34mSELECT "schema_migrations"."version" FROM "schema_migrations" ORDER BY "schema_migrations"."version" ASC[0m
  [1m[36mActiveRecord::SchemaMigration Load (4.0ms)[0m  [1m[34mSELECT "schema_migrations"."version" FROM "schema_migrations" ORDER BY "schema_migrations"."version" ASC[0m
  [1m[36mTRANSACTION (0.2ms)[0m  [1m[35mBEGIN[0m
  [1m[36mUser Create (13.1ms)[0m  [1m[32mINSERT INTO "users" ("name", "created_at", "updated_at") VALUES ($1, $2, $3) RETURNING "id"[0m  [["name", "John"], ["created_at", "2023-11-20 21:50:49.226305"], ["updated_at", "2023-11-20 21:50:49.226305"]]
  [1m[36mTRANSACTION (1.3ms)[0m  [1m[35mCOMMIT[0m
  [1m[36mTRANSACTION (0.2ms)[0m  [1m[35mBEGIN[0m
  [1m[36mUser Load (0.6ms)[0m  [1m[34mSELECT "users".* FROM "users" WHERE "users"."id" = $1 LIMIT $2[0m  [["id", 1], ["LIMIT", 1]]
  [1m[36mCategory Exists? (2.9ms)[0m  [1m[34mSELECT 1 AS one FROM "categories" WHERE "categories"."name" = $1 LIMIT $2[0m  [["name", "Food"], ["LIMIT", 1]]
  [1m[36mTRANSACTION (1.4ms)[0m  [1m[31mROLLBACK[0m
  [1m[36mTRANSACTION (0.2ms)[0m  [1m[35mBEGIN[0m
  [1m[36mUser Load (0.3ms)[0m  [1m[34mSELECT "users".* FROM "users" WHERE "users"."id" = $1 LIMIT $2[0m  [["id", 1], ["LIMIT", 1]]
  [1m[36mCategory Exists? (0.5ms)[0m  [1m[34mSELECT 1 AS one FROM "categories" WHERE "categories"."name" = $1 LIMIT $2[0m  [["name", "Transport"], ["LIMIT", 1]]
  [1m[36mCategory Create (4.3ms)[0m  [1m[32mINSERT INTO "categories" ("author_id", "name", "icon", "created_at", "updated_at") VALUES ($1, $2, $3, $4, $5) RETURNING "id"[0m  [["author_id", 1], ["name", "Transport"], ["icon", "fas fa-bus"], ["created_at", "2023-11-20 21:50:49.652261"], ["updated_at", "2023-11-20 21:50:49.652261"]]
  [1m[36mTRANSACTION (0.4ms)[0m  [1m[35mCOMMIT[0m
  [1m[36mTRANSACTION (0.2ms)[0m  [1m[35mBEGIN[0m
  [1m[36mUser Load (0.3ms)[0m  [1m[34mSELECT "users".* FROM "users" WHERE "users"."id" = $1 LIMIT $2[0m  [["id", 1], ["LIMIT", 1]]
  [1m[36mCategory Exists? (0.4ms)[0m  [1m[34mSELECT 1 AS one FROM "categories" WHERE "categories"."name" = $1 LIMIT $2[0m  [["name", "Entertainment"], ["LIMIT", 1]]
  [1m[36mCategory Create (0.5ms)[0m  [1m[32mINSERT INTO "categories" ("author_id", "name", "icon", "created_at", "updated_at") VALUES ($1, $2, $3, $4, $5) RETURNING "id"[0m  [["author_id", 1], ["name", "Entertainment"], ["icon", "fas fa-gamepad"], ["created_at", "2023-11-20 21:50:49.667141"], ["updated_at", "2023-11-20 21:50:49.667141"]]
  [1m[36mTRANSACTION (0.5ms)[0m  [1m[35mCOMMIT[0m
  [1m[36mTRANSACTION (0.2ms)[0m  [1m[35mBEGIN[0m
  [1m[36mUser Load (0.3ms)[0m  [1m[34mSELECT "users".* FROM "users" WHERE "users"."id" = $1 LIMIT $2[0m  [["id", 1], ["LIMIT", 1]]
  [1m[36mDeal Create (2.7ms)[0m  [1m[32mINSERT INTO "deals" ("author_id", "name", "amount", "created_at", "updated_at") VALUES ($1, $2, $3, $4, $5) RETURNING "id"[0m  [["author_id", 1], ["name", "Lunch"], ["amount", 10], ["created_at", "2023-11-20 21:50:49.719333"], ["updated_at", "2023-11-20 21:50:49.719333"]]
  [1m[36mTRANSACTION (0.4ms)[0m  [1m[35mCOMMIT[0m
  [1m[36mTRANSACTION (0.2ms)[0m  [1m[35mBEGIN[0m
  [1m[36mUser Load (0.4ms)[0m  [1m[34mSELECT "users".* FROM "users" WHERE "users"."id" = $1 LIMIT $2[0m  [["id", 1], ["LIMIT", 1]]
  [1m[36mDeal Create (0.5ms)[0m  [1m[32mINSERT INTO "deals" ("author_id", "name", "amount", "created_at", "updated_at") VALUES ($1, $2, $3, $4, $5) RETURNING "id"[0m  [["author_id", 1], ["name", "Bus ticket"], ["amount", 2], ["created_at", "2023-11-20 21:50:49.730905"], ["updated_at", "2023-11-20 21:50:49.730905"]]
  [1m[36mTRANSACTION (0.5ms)[0m  [1m[35mCOMMIT[0m
  [1m[36mTRANSACTION (0.2ms)[0m  [1m[35mBEGIN[0m
  [1m[36mUser Load (0.3ms)[0m  [1m[34mSELECT "users".* FROM "users" WHERE "users"."id" = $1 LIMIT $2[0m  [["id", 1], ["LIMIT", 1]]
  [1m[36mDeal Create (0.6ms)[0m  [1m[32mINSERT INTO "deals" ("author_id", "name", "amount", "created_at", "updated_at") VALUES ($1, $2, $3, $4, $5) RETURNING "id"[0m  [["author_id", 1], ["name", "Cinema"], ["amount", 15], ["created_at", "2023-11-20 21:50:49.739673"], ["updated_at", "2023-11-20 21:50:49.739673"]]
  [1m[36mTRANSACTION (0.5ms)[0m  [1m[35mCOMMIT[0m
  [1m[36mActiveRecord::SchemaMigration Load (2.8ms)[0m  [1m[34mSELECT "schema_migrations"."version" FROM "schema_migrations" ORDER BY "schema_migrations"."version" ASC[0m
  [1m[36mTRANSACTION (0.2ms)[0m  [1m[35mBEGIN[0m
  [1m[36mUser Create (4.2ms)[0m  [1m[32mINSERT INTO "users" ("name", "created_at", "updated_at") VALUES ($1, $2, $3) RETURNING "id"[0m  [["name", "John"], ["created_at", "2023-11-20 21:51:39.752668"], ["updated_at", "2023-11-20 21:51:39.752668"]]
  [1m[36mTRANSACTION (1.2ms)[0m  [1m[35mCOMMIT[0m
  [1m[36mTRANSACTION (0.2ms)[0m  [1m[35mBEGIN[0m
  [1m[36mUser Load (1.1ms)[0m  [1m[34mSELECT "users".* FROM "users" WHERE "users"."id" = $1 LIMIT $2[0m  [["id", 2], ["LIMIT", 1]]
  [1m[36mCategory Exists? (2.9ms)[0m  [1m[34mSELECT 1 AS one FROM "categories" WHERE "categories"."name" = $1 LIMIT $2[0m  [["name", "Food"], ["LIMIT", 1]]
  [1m[36mTRANSACTION (0.2ms)[0m  [1m[31mROLLBACK[0m
  [1m[36mTRANSACTION (0.2ms)[0m  [1m[35mBEGIN[0m
  [1m[36mUser Load (0.3ms)[0m  [1m[34mSELECT "users".* FROM "users" WHERE "users"."id" = $1 LIMIT $2[0m  [["id", 2], ["LIMIT", 1]]
  [1m[36mCategory Exists? (0.4ms)[0m  [1m[34mSELECT 1 AS one FROM "categories" WHERE "categories"."name" = $1 LIMIT $2[0m  [["name", "Transport"], ["LIMIT", 1]]
  [1m[36mTRANSACTION (0.2ms)[0m  [1m[31mROLLBACK[0m
  [1m[36mTRANSACTION (0.2ms)[0m  [1m[35mBEGIN[0m
  [1m[36mUser Load (0.3ms)[0m  [1m[34mSELECT "users".* FROM "users" WHERE "users"."id" = $1 LIMIT $2[0m  [["id", 2], ["LIMIT", 1]]
  [1m[36mCategory Exists? (0.4ms)[0m  [1m[34mSELECT 1 AS one FROM "categories" WHERE "categories"."name" = $1 LIMIT $2[0m  [["name", "Entertainment"], ["LIMIT", 1]]
  [1m[36mTRANSACTION (0.2ms)[0m  [1m[31mROLLBACK[0m
  [1m[36mTRANSACTION (0.2ms)[0m  [1m[35mBEGIN[0m
  [1m[36mUser Load (0.3ms)[0m  [1m[34mSELECT "users".* FROM "users" WHERE "users"."id" = $1 LIMIT $2[0m  [["id", 2], ["LIMIT", 1]]
  [1m[36mDeal Create (2.0ms)[0m  [1m[32mINSERT INTO "deals" ("author_id", "name", "amount", "created_at", "updated_at") VALUES ($1, $2, $3, $4, $5) RETURNING "id"[0m  [["author_id", 2], ["name", "Lunch"], ["amount", 10], ["created_at", "2023-11-20 21:51:39.933026"], ["updated_at", "2023-11-20 21:51:39.933026"]]
  [1m[36mTRANSACTION (5.6ms)[0m  [1m[35mCOMMIT[0m
  [1m[36mTRANSACTION (0.2ms)[0m  [1m[35mBEGIN[0m
  [1m[36mUser Load (0.3ms)[0m  [1m[34mSELECT "users".* FROM "users" WHERE "users"."id" = $1 LIMIT $2[0m  [["id", 2], ["LIMIT", 1]]
  [1m[36mDeal Create (0.5ms)[0m  [1m[32mINSERT INTO "deals" ("author_id", "name", "amount", "created_at", "updated_at") VALUES ($1, $2, $3, $4, $5) RETURNING "id"[0m  [["author_id", 2], ["name", "Bus ticket"], ["amount", 2], ["created_at", "2023-11-20 21:51:39.948448"], ["updated_at", "2023-11-20 21:51:39.948448"]]
  [1m[36mTRANSACTION (0.5ms)[0m  [1m[35mCOMMIT[0m
  [1m[36mTRANSACTION (0.2ms)[0m  [1m[35mBEGIN[0m
  [1m[36mUser Load (0.3ms)[0m  [1m[34mSELECT "users".* FROM "users" WHERE "users"."id" = $1 LIMIT $2[0m  [["id", 2], ["LIMIT", 1]]
  [1m[36mDeal Create (0.7ms)[0m  [1m[32mINSERT INTO "deals" ("author_id", "name", "amount", "created_at", "updated_at") VALUES ($1, $2, $3, $4, $5) RETURNING "id"[0m  [["author_id", 2], ["name", "Cinema"], ["amount", 15], ["created_at", "2023-11-20 21:51:39.957859"], ["updated_at", "2023-11-20 21:51:39.957859"]]
  [1m[36mTRANSACTION (0.4ms)[0m  [1m[35mCOMMIT[0m
  [1m[36mActiveRecord::SchemaMigration Load (2.4ms)[0m  [1m[34mSELECT "schema_migrations"."version" FROM "schema_migrations" ORDER BY "schema_migrations"."version" ASC[0m
  [1m[36mTRANSACTION (0.2ms)[0m  [1m[35mBEGIN[0m
  [1m[36mUser Create (2.9ms)[0m  [1m[32mINSERT INTO "users" ("name", "created_at", "updated_at") VALUES ($1, $2, $3) RETURNING "id"[0m  [["name", "John"], ["created_at", "2023-11-20 21:52:46.898823"], ["updated_at", "2023-11-20 21:52:46.898823"]]
  [1m[36mTRANSACTION (1.2ms)[0m  [1m[35mCOMMIT[0m
  [1m[36mTRANSACTION (0.2ms)[0m  [1m[35mBEGIN[0m
  [1m[36mUser Load (1.2ms)[0m  [1m[34mSELECT "users".* FROM "users" WHERE "users"."id" = $1 LIMIT $2[0m  [["id", 3], ["LIMIT", 1]]
  [1m[36mCategory Exists? (2.8ms)[0m  [1m[34mSELECT 1 AS one FROM "categories" WHERE "categories"."name" = $1 LIMIT $2[0m  [["name", "Food"], ["LIMIT", 1]]
  [1m[36mTRANSACTION (0.2ms)[0m  [1m[31mROLLBACK[0m
  [1m[36mTRANSACTION (0.2ms)[0m  [1m[35mBEGIN[0m
  [1m[36mUser Load (0.3ms)[0m  [1m[34mSELECT "users".* FROM "users" WHERE "users"."id" = $1 LIMIT $2[0m  [["id", 3], ["LIMIT", 1]]
  [1m[36mCategory Exists? (0.5ms)[0m  [1m[34mSELECT 1 AS one FROM "categories" WHERE "categories"."name" = $1 LIMIT $2[0m  [["name", "Transport"], ["LIMIT", 1]]
  [1m[36mTRANSACTION (0.2ms)[0m  [1m[31mROLLBACK[0m
  [1m[36mTRANSACTION (0.2ms)[0m  [1m[35mBEGIN[0m
  [1m[36mUser Load (0.3ms)[0m  [1m[34mSELECT "users".* FROM "users" WHERE "users"."id" = $1 LIMIT $2[0m  [["id", 3], ["LIMIT", 1]]
  [1m[36mCategory Exists? (0.4ms)[0m  [1m[34mSELECT 1 AS one FROM "categories" WHERE "categories"."name" = $1 LIMIT $2[0m  [["name", "Entertainment"], ["LIMIT", 1]]
  [1m[36mTRANSACTION (0.2ms)[0m  [1m[31mROLLBACK[0m
  [1m[36mTRANSACTION (0.2ms)[0m  [1m[35mBEGIN[0m
  [1m[36mUser Load (0.3ms)[0m  [1m[34mSELECT "users".* FROM "users" WHERE "users"."id" = $1 LIMIT $2[0m  [["id", 3], ["LIMIT", 1]]
  [1m[36mDeal Create (1.8ms)[0m  [1m[32mINSERT INTO "deals" ("author_id", "name", "amount", "created_at", "updated_at") VALUES ($1, $2, $3, $4, $5) RETURNING "id"[0m  [["author_id", 3], ["name", "Lunch"], ["amount", 10], ["created_at", "2023-11-20 21:52:47.043855"], ["updated_at", "2023-11-20 21:52:47.043855"]]
  [1m[36mTRANSACTION (0.5ms)[0m  [1m[35mCOMMIT[0m
  [1m[36mTRANSACTION (0.2ms)[0m  [1m[35mBEGIN[0m
  [1m[36mUser Load (0.3ms)[0m  [1m[34mSELECT "users".* FROM "users" WHERE "users"."id" = $1 LIMIT $2[0m  [["id", 3], ["LIMIT", 1]]
  [1m[36mDeal Create (0.6ms)[0m  [1m[32mINSERT INTO "deals" ("author_id", "name", "amount", "created_at", "updated_at") VALUES ($1, $2, $3, $4, $5) RETURNING "id"[0m  [["author_id", 3], ["name", "Bus ticket"], ["amount", 2], ["created_at", "2023-11-20 21:52:47.063747"], ["updated_at", "2023-11-20 21:52:47.063747"]]
  [1m[36mTRANSACTION (0.4ms)[0m  [1m[35mCOMMIT[0m
  [1m[36mTRANSACTION (0.2ms)[0m  [1m[35mBEGIN[0m
  [1m[36mUser Load (0.3ms)[0m  [1m[34mSELECT "users".* FROM "users" WHERE "users"."id" = $1 LIMIT $2[0m  [["id", 3], ["LIMIT", 1]]
  [1m[36mDeal Create (0.6ms)[0m  [1m[32mINSERT INTO "deals" ("author_id", "name", "amount", "created_at", "updated_at") VALUES ($1, $2, $3, $4, $5) RETURNING "id"[0m  [["author_id", 3], ["name", "Cinema"], ["amount", 15], ["created_at", "2023-11-20 21:52:47.072450"], ["updated_at", "2023-11-20 21:52:47.072450"]]
  [1m[36mTRANSACTION (0.5ms)[0m  [1m[35mCOMMIT[0m
  [1m[36mTRANSACTION (0.2ms)[0m  [1m[35mBEGIN[0m
  [1m[36mCategory Exists? (1.9ms)[0m  [1m[34mSELECT 1 AS one FROM "categories" WHERE "categories"."name" = $1 LIMIT $2[0m  [["name", "Food"], ["LIMIT", 1]]
  [1m[36mTRANSACTION (0.3ms)[0m  [1m[31mROLLBACK[0m
  [1m[36mActiveRecord::SchemaMigration Load (2.4ms)[0m  [1m[34mSELECT "schema_migrations"."version" FROM "schema_migrations" ORDER BY "schema_migrations"."version" ASC[0m
  [1m[36mTRANSACTION (0.2ms)[0m  [1m[35mBEGIN[0m
  [1m[36mUser Create (3.4ms)[0m  [1m[32mINSERT INTO "users" ("name", "created_at", "updated_at") VALUES ($1, $2, $3) RETURNING "id"[0m  [["name", "John"], ["created_at", "2023-11-20 21:53:46.205343"], ["updated_at", "2023-11-20 21:53:46.205343"]]
  [1m[36mTRANSACTION (1.1ms)[0m  [1m[35mCOMMIT[0m
  [1m[36mTRANSACTION (0.2ms)[0m  [1m[35mBEGIN[0m
  [1m[36mUser Load (1.2ms)[0m  [1m[34mSELECT "users".* FROM "users" WHERE "users"."id" = $1 LIMIT $2[0m  [["id", 4], ["LIMIT", 1]]
  [1m[36mCategory Exists? (3.5ms)[0m  [1m[34mSELECT 1 AS one FROM "categories" WHERE "categories"."name" = $1 LIMIT $2[0m  [["name", "Food"], ["LIMIT", 1]]
  [1m[36mCategory Create (0.9ms)[0m  [1m[32mINSERT INTO "categories" ("author_id", "name", "icon", "created_at", "updated_at") VALUES ($1, $2, $3, $4, $5) RETURNING "id"[0m  [["author_id", 4], ["name", "Food"], ["icon", "fas fa-utensils"], ["created_at", "2023-11-20 21:53:46.313508"], ["updated_at", "2023-11-20 21:53:46.313508"]]
  [1m[36mTRANSACTION (0.4ms)[0m  [1m[35mCOMMIT[0m
  [1m[36mTRANSACTION (0.2ms)[0m  [1m[35mBEGIN[0m
  [1m[36mUser Load (0.3ms)[0m  [1m[34mSELECT "users".* FROM "users" WHERE "users"."id" = $1 LIMIT $2[0m  [["id", 4], ["LIMIT", 1]]
  [1m[36mCategory Exists? (0.3ms)[0m  [1m[34mSELECT 1 AS one FROM "categories" WHERE "categories"."name" = $1 LIMIT $2[0m  [["name", "Transport"], ["LIMIT", 1]]
  [1m[36mTRANSACTION (0.2ms)[0m  [1m[31mROLLBACK[0m
  [1m[36mTRANSACTION (0.2ms)[0m  [1m[35mBEGIN[0m
  [1m[36mUser Load (0.3ms)[0m  [1m[34mSELECT "users".* FROM "users" WHERE "users"."id" = $1 LIMIT $2[0m  [["id", 4], ["LIMIT", 1]]
  [1m[36mCategory Exists? (0.3ms)[0m  [1m[34mSELECT 1 AS one FROM "categories" WHERE "categories"."name" = $1 LIMIT $2[0m  [["name", "Entertainment"], ["LIMIT", 1]]
  [1m[36mTRANSACTION (0.2ms)[0m  [1m[31mROLLBACK[0m
  [1m[36mTRANSACTION (0.2ms)[0m  [1m[35mBEGIN[0m
  [1m[36mUser Load (0.3ms)[0m  [1m[34mSELECT "users".* FROM "users" WHERE "users"."id" = $1 LIMIT $2[0m  [["id", 4], ["LIMIT", 1]]
  [1m[36mDeal Create (1.8ms)[0m  [1m[32mINSERT INTO "deals" ("author_id", "name", "amount", "created_at", "updated_at") VALUES ($1, $2, $3, $4, $5) RETURNING "id"[0m  [["author_id", 4], ["name", "Lunch"], ["amount", 10], ["created_at", "2023-11-20 21:53:46.365456"], ["updated_at", "2023-11-20 21:53:46.365456"]]
  [1m[36mTRANSACTION (0.5ms)[0m  [1m[35mCOMMIT[0m
  [1m[36mTRANSACTION (0.2ms)[0m  [1m[35mBEGIN[0m
  [1m[36mUser Load (0.3ms)[0m  [1m[34mSELECT "users".* FROM "users" WHERE "users"."id" = $1 LIMIT $2[0m  [["id", 4], ["LIMIT", 1]]
  [1m[36mDeal Create (0.6ms)[0m  [1m[32mINSERT INTO "deals" ("author_id", "name", "amount", "created_at", "updated_at") VALUES ($1, $2, $3, $4, $5) RETURNING "id"[0m  [["author_id", 4], ["name", "Bus ticket"], ["amount", 2], ["created_at", "2023-11-20 21:53:46.387617"], ["updated_at", "2023-11-20 21:53:46.387617"]]
  [1m[36mTRANSACTION (0.4ms)[0m  [1m[35mCOMMIT[0m
  [1m[36mTRANSACTION (0.2ms)[0m  [1m[35mBEGIN[0m
  [1m[36mUser Load (0.3ms)[0m  [1m[34mSELECT "users".* FROM "users" WHERE "users"."id" = $1 LIMIT $2[0m  [["id", 4], ["LIMIT", 1]]
  [1m[36mDeal Create (0.6ms)[0m  [1m[32mINSERT INTO "deals" ("author_id", "name", "amount", "created_at", "updated_at") VALUES ($1, $2, $3, $4, $5) RETURNING "id"[0m  [["author_id", 4], ["name", "Cinema"], ["amount", 15], ["created_at", "2023-11-20 21:53:46.395668"], ["updated_at", "2023-11-20 21:53:46.395668"]]
  [1m[36mTRANSACTION (0.5ms)[0m  [1m[35mCOMMIT[0m
  [1m[36mTRANSACTION (0.2ms)[0m  [1m[35mBEGIN[0m
  [1m[36mCategory::HABTM_Deals Create (7.8ms)[0m  [1m[32mINSERT INTO "deals_categories" ("deal_id", "category_id", "created_at", "updated_at") VALUES ($1, $2, $3, $4) RETURNING "id"[0m  [["deal_id", 10], ["category_id", 3], ["created_at", "2023-11-20 21:53:46.448790"], ["updated_at", "2023-11-20 21:53:46.448790"]]
  [1m[36mTRANSACTION (0.4ms)[0m  [1m[35mCOMMIT[0m
  [1m[36mTRANSACTION (0.2ms)[0m  [1m[35mBEGIN[0m
  [1m[36mDeal::HABTM_Categories Create (2.4ms)[0m  [1m[32mINSERT INTO "deals_categories" ("deal_id", "category_id", "created_at", "updated_at") VALUES ($1, $2, $3, $4) RETURNING "id"[0m  [["deal_id", 10], ["category_id", 3], ["created_at", "2023-11-20 21:53:46.466505"], ["updated_at", "2023-11-20 21:53:46.466505"]]
  [1m[36mTRANSACTION (0.5ms)[0m  [1m[35mCOMMIT[0m
  [1m[36mTRANSACTION (0.2ms)[0m  [1m[35mBEGIN[0m
  [1m[36mCategory Exists? (1.8ms)[0m  [1m[34mSELECT 1 AS one FROM "categories" WHERE "categories"."name" = $1 LIMIT $2[0m  [["name", "Transport"], ["LIMIT", 1]]
  [1m[36mTRANSACTION (0.3ms)[0m  [1m[31mROLLBACK[0m
  [1m[36mActiveRecord::SchemaMigration Load (2.2ms)[0m  [1m[34mSELECT "schema_migrations"."version" FROM "schema_migrations" ORDER BY "schema_migrations"."version" ASC[0m
  [1m[36mTRANSACTION (0.2ms)[0m  [1m[35mBEGIN[0m
  [1m[36mUser Create (2.9ms)[0m  [1m[32mINSERT INTO "users" ("name", "created_at", "updated_at") VALUES ($1, $2, $3) RETURNING "id"[0m  [["name", "John"], ["created_at", "2023-11-20 21:55:26.914337"], ["updated_at", "2023-11-20 21:55:26.914337"]]
  [1m[36mTRANSACTION (1.2ms)[0m  [1m[35mCOMMIT[0m
  [1m[36mTRANSACTION (0.2ms)[0m  [1m[35mBEGIN[0m
  [1m[36mUser Load (1.2ms)[0m  [1m[34mSELECT "users".* FROM "users" WHERE "users"."id" = $1 LIMIT $2[0m  [["id", 5], ["LIMIT", 1]]
  [1m[36mCategory Exists? (3.0ms)[0m  [1m[34mSELECT 1 AS one FROM "categories" WHERE "categories"."name" = $1 LIMIT $2[0m  [["name", "Food"], ["LIMIT", 1]]
  [1m[36mCategory Create (0.8ms)[0m  [1m[32mINSERT INTO "categories" ("author_id", "name", "icon", "created_at", "updated_at") VALUES ($1, $2, $3, $4, $5) RETURNING "id"[0m  [["author_id", 5], ["name", "Food"], ["icon", "fas fa-utensils"], ["created_at", "2023-11-20 21:55:27.012499"], ["updated_at", "2023-11-20 21:55:27.012499"]]
  [1m[36mTRANSACTION (0.4ms)[0m  [1m[35mCOMMIT[0m
  [1m[36mTRANSACTION (0.2ms)[0m  [1m[35mBEGIN[0m
  [1m[36mUser Load (0.3ms)[0m  [1m[34mSELECT "users".* FROM "users" WHERE "users"."id" = $1 LIMIT $2[0m  [["id", 5], ["LIMIT", 1]]
  [1m[36mCategory Exists? (0.4ms)[0m  [1m[34mSELECT 1 AS one FROM "categories" WHERE "categories"."name" = $1 LIMIT $2[0m  [["name", "Transport"], ["LIMIT", 1]]
  [1m[36mCategory Create (0.5ms)[0m  [1m[32mINSERT INTO "categories" ("author_id", "name", "icon", "created_at", "updated_at") VALUES ($1, $2, $3, $4, $5) RETURNING "id"[0m  [["author_id", 5], ["name", "Transport"], ["icon", "fas fa-bus"], ["created_at", "2023-11-20 21:55:27.037532"], ["updated_at", "2023-11-20 21:55:27.037532"]]
  [1m[36mTRANSACTION (0.5ms)[0m  [1m[35mCOMMIT[0m
  [1m[36mTRANSACTION (0.2ms)[0m  [1m[35mBEGIN[0m
  [1m[36mUser Load (0.3ms)[0m  [1m[34mSELECT "users".* FROM "users" WHERE "users"."id" = $1 LIMIT $2[0m  [["id", 5], ["LIMIT", 1]]
  [1m[36mCategory Exists? (0.4ms)[0m  [1m[34mSELECT 1 AS one FROM "categories" WHERE "categories"."name" = $1 LIMIT $2[0m  [["name", "Entertainment"], ["LIMIT", 1]]
  [1m[36mCategory Create (0.5ms)[0m  [1m[32mINSERT INTO "categories" ("author_id", "name", "icon", "created_at", "updated_at") VALUES ($1, $2, $3, $4, $5) RETURNING "id"[0m  [["author_id", 5], ["name", "Entertainment"], ["icon", "fas fa-gamepad"], ["created_at", "2023-11-20 21:55:27.048424"], ["updated_at", "2023-11-20 21:55:27.048424"]]
  [1m[36mTRANSACTION (0.5ms)[0m  [1m[35mCOMMIT[0m
  [1m[36mTRANSACTION (0.2ms)[0m  [1m[35mBEGIN[0m
  [1m[36mUser Load (0.3ms)[0m  [1m[34mSELECT "users".* FROM "users" WHERE "users"."id" = $1 LIMIT $2[0m  [["id", 5], ["LIMIT", 1]]
  [1m[36mDeal Create (1.6ms)[0m  [1m[32mINSERT INTO "deals" ("author_id", "name", "amount", "created_at", "updated_at") VALUES ($1, $2, $3, $4, $5) RETURNING "id"[0m  [["author_id", 5], ["name", "Lunch"], ["amount", 10], ["created_at", "2023-11-20 21:55:27.086500"], ["updated_at", "2023-11-20 21:55:27.086500"]]
  [1m[36mTRANSACTION (0.5ms)[0m  [1m[35mCOMMIT[0m
  [1m[36mTRANSACTION (0.2ms)[0m  [1m[35mBEGIN[0m
  [1m[36mUser Load (0.3ms)[0m  [1m[34mSELECT "users".* FROM "users" WHERE "users"."id" = $1 LIMIT $2[0m  [["id", 5], ["LIMIT", 1]]
  [1m[36mDeal Create (0.6ms)[0m  [1m[32mINSERT INTO "deals" ("author_id", "name", "amount", "created_at", "updated_at") VALUES ($1, $2, $3, $4, $5) RETURNING "id"[0m  [["author_id", 5], ["name", "Bus ticket"], ["amount", 2], ["created_at", "2023-11-20 21:55:27.096226"], ["updated_at", "2023-11-20 21:55:27.096226"]]
  [1m[36mTRANSACTION (0.4ms)[0m  [1m[35mCOMMIT[0m
  [1m[36mTRANSACTION (0.2ms)[0m  [1m[35mBEGIN[0m
  [1m[36mUser Load (0.3ms)[0m  [1m[34mSELECT "users".* FROM "users" WHERE "users"."id" = $1 LIMIT $2[0m  [["id", 5], ["LIMIT", 1]]
  [1m[36mDeal Create (0.5ms)[0m  [1m[32mINSERT INTO "deals" ("author_id", "name", "amount", "created_at", "updated_at") VALUES ($1, $2, $3, $4, $5) RETURNING "id"[0m  [["author_id", 5], ["name", "Cinema"], ["amount", 15], ["created_at", "2023-11-20 21:55:27.104924"], ["updated_at", "2023-11-20 21:55:27.104924"]]
  [1m[36mTRANSACTION (0.4ms)[0m  [1m[35mCOMMIT[0m
  [1m[36mTRANSACTION (0.2ms)[0m  [1m[35mBEGIN[0m
  [1m[36mCategory::HABTM_Deals Create (3.5ms)[0m  [1m[32mINSERT INTO "deals_categories" ("deal_id", "category_id", "created_at", "updated_at") VALUES ($1, $2, $3, $4) RETURNING "id"[0m  [["deal_id", 13], ["category_id", 4], ["created_at", "2023-11-20 21:55:27.166046"], ["updated_at", "2023-11-20 21:55:27.166046"]]
  [1m[36mTRANSACTION (0.5ms)[0m  [1m[35mCOMMIT[0m
  [1m[36mTRANSACTION (0.2ms)[0m  [1m[35mBEGIN[0m
  [1m[36mCategory::HABTM_Deals Create (5.7ms)[0m  [1m[32mINSERT INTO "deals_categories" ("deal_id", "category_id", "created_at", "updated_at") VALUES ($1, $2, $3, $4) RETURNING "id"[0m  [["deal_id", 14], ["category_id", 5], ["created_at", "2023-11-20 21:55:27.178629"], ["updated_at", "2023-11-20 21:55:27.178629"]]
  [1m[36mTRANSACTION (0.4ms)[0m  [1m[35mCOMMIT[0m
  [1m[36mTRANSACTION (0.2ms)[0m  [1m[35mBEGIN[0m
  [1m[36mCategory::HABTM_Deals Create (2.3ms)[0m  [1m[32mINSERT INTO "deals_categories" ("deal_id", "category_id", "created_at", "updated_at") VALUES ($1, $2, $3, $4) RETURNING "id"[0m  [["deal_id", 15], ["category_id", 6], ["created_at", "2023-11-20 21:55:27.191006"], ["updated_at", "2023-11-20 21:55:27.191006"]]
  [1m[36mTRANSACTION (0.5ms)[0m  [1m[35mCOMMIT[0m
  [1m[36mTRANSACTION (0.2ms)[0m  [1m[35mBEGIN[0m
  [1m[36mDeal::HABTM_Categories Create (1.9ms)[0m  [1m[32mINSERT INTO "deals_categories" ("deal_id", "category_id", "created_at", "updated_at") VALUES ($1, $2, $3, $4) RETURNING "id"[0m  [["deal_id", 13], ["category_id", 4], ["created_at", "2023-11-20 21:55:27.201176"], ["updated_at", "2023-11-20 21:55:27.201176"]]
  [1m[36mTRANSACTION (0.4ms)[0m  [1m[35mCOMMIT[0m
  [1m[36mTRANSACTION (0.2ms)[0m  [1m[35mBEGIN[0m
  [1m[36mDeal::HABTM_Categories Create (7.2ms)[0m  [1m[32mINSERT INTO "deals_categories" ("deal_id", "category_id", "created_at", "updated_at") VALUES ($1, $2, $3, $4) RETURNING "id"[0m  [["deal_id", 14], ["category_id", 5], ["created_at", "2023-11-20 21:55:27.207960"], ["updated_at", "2023-11-20 21:55:27.207960"]]
  [1m[36mTRANSACTION (0.4ms)[0m  [1m[35mCOMMIT[0m
  [1m[36mTRANSACTION (0.2ms)[0m  [1m[35mBEGIN[0m
  [1m[36mDeal::HABTM_Categories Create (1.9ms)[0m  [1m[32mINSERT INTO "deals_categories" ("deal_id", "category_id", "created_at", "updated_at") VALUES ($1, $2, $3, $4) RETURNING "id"[0m  [["deal_id", 15], ["category_id", 6], ["created_at", "2023-11-20 21:55:27.219805"], ["updated_at", "2023-11-20 21:55:27.219805"]]
  [1m[36mTRANSACTION (0.4ms)[0m  [1m[35mCOMMIT[0m
  [1m[36mActiveRecord::SchemaMigration Load (2.3ms)[0m  [1m[34mSELECT "schema_migrations"."version" FROM "schema_migrations" ORDER BY "schema_migrations"."version" ASC[0m
  [1m[36mTRANSACTION (0.2ms)[0m  [1m[35mBEGIN[0m
  [1m[36mUser Create (2.8ms)[0m  [1m[32mINSERT INTO "users" ("name", "created_at", "updated_at") VALUES ($1, $2, $3) RETURNING "id"[0m  [["name", "John"], ["created_at", "2023-11-20 21:58:26.736314"], ["updated_at", "2023-11-20 21:58:26.736314"]]
  [1m[36mTRANSACTION (1.1ms)[0m  [1m[35mCOMMIT[0m
  [1m[36mTRANSACTION (0.2ms)[0m  [1m[35mBEGIN[0m
  [1m[36mUser Load (1.1ms)[0m  [1m[34mSELECT "users".* FROM "users" WHERE "users"."id" = $1 LIMIT $2[0m  [["id", 6], ["LIMIT", 1]]
  [1m[36mCategory Exists? (2.9ms)[0m  [1m[34mSELECT 1 AS one FROM "categories" WHERE "categories"."name" = $1 LIMIT $2[0m  [["name", "Food"], ["LIMIT", 1]]
  [1m[36mCategory Create (0.8ms)[0m  [1m[32mINSERT INTO "categories" ("author_id", "name", "icon", "created_at", "updated_at") VALUES ($1, $2, $3, $4, $5) RETURNING "id"[0m  [["author_id", 6], ["name", "Food"], ["icon", "fas fa-utensils"], ["created_at", "2023-11-20 21:58:26.828906"], ["updated_at", "2023-11-20 21:58:26.828906"]]
  [1m[36mTRANSACTION (0.5ms)[0m  [1m[35mCOMMIT[0m
  [1m[36mTRANSACTION (0.2ms)[0m  [1m[35mBEGIN[0m
  [1m[36mUser Load (0.3ms)[0m  [1m[34mSELECT "users".* FROM "users" WHERE "users"."id" = $1 LIMIT $2[0m  [["id", 6], ["LIMIT", 1]]
  [1m[36mCategory Exists? (0.3ms)[0m  [1m[34mSELECT 1 AS one FROM "categories" WHERE "categories"."name" = $1 LIMIT $2[0m  [["name", "Transport"], ["LIMIT", 1]]
  [1m[36mCategory Create (0.5ms)[0m  [1m[32mINSERT INTO "categories" ("author_id", "name", "icon", "created_at", "updated_at") VALUES ($1, $2, $3, $4, $5) RETURNING "id"[0m  [["author_id", 6], ["name", "Transport"], ["icon", "fas fa-bus"], ["created_at", "2023-11-20 21:58:26.839291"], ["updated_at", "2023-11-20 21:58:26.839291"]]
  [1m[36mTRANSACTION (0.5ms)[0m  [1m[35mCOMMIT[0m
  [1m[36mTRANSACTION (0.2ms)[0m  [1m[35mBEGIN[0m
  [1m[36mUser Load (0.3ms)[0m  [1m[34mSELECT "users".* FROM "users" WHERE "users"."id" = $1 LIMIT $2[0m  [["id", 6], ["LIMIT", 1]]
  [1m[36mCategory Exists? (0.3ms)[0m  [1m[34mSELECT 1 AS one FROM "categories" WHERE "categories"."name" = $1 LIMIT $2[0m  [["name", "Entertainment"], ["LIMIT", 1]]
  [1m[36mCategory Create (0.5ms)[0m  [1m[32mINSERT INTO "categories" ("author_id", "name", "icon", "created_at", "updated_at") VALUES ($1, $2, $3, $4, $5) RETURNING "id"[0m  [["author_id", 6], ["name", "Entertainment"], ["icon", "fas fa-gamepad"], ["created_at", "2023-11-20 21:58:26.848393"], ["updated_at", "2023-11-20 21:58:26.848393"]]
  [1m[36mTRANSACTION (0.5ms)[0m  [1m[35mCOMMIT[0m
  [1m[36mTRANSACTION (0.2ms)[0m  [1m[35mBEGIN[0m
  [1m[36mUser Load (0.3ms)[0m  [1m[34mSELECT "users".* FROM "users" WHERE "users"."id" = $1 LIMIT $2[0m  [["id", 6], ["LIMIT", 1]]
  [1m[36mDeal Create (1.5ms)[0m  [1m[32mINSERT INTO "deals" ("author_id", "name", "amount", "created_at", "updated_at") VALUES ($1, $2, $3, $4, $5) RETURNING "id"[0m  [["author_id", 6], ["name", "Lunch"], ["amount", 10], ["created_at", "2023-11-20 21:58:26.888189"], ["updated_at", "2023-11-20 21:58:26.888189"]]
  [1m[36mTRANSACTION (0.5ms)[0m  [1m[35mCOMMIT[0m
  [1m[36mTRANSACTION (0.2ms)[0m  [1m[35mBEGIN[0m
  [1m[36mUser Load (0.3ms)[0m  [1m[34mSELECT "users".* FROM "users" WHERE "users"."id" = $1 LIMIT $2[0m  [["id", 6], ["LIMIT", 1]]
  [1m[36mDeal Create (0.5ms)[0m  [1m[32mINSERT INTO "deals" ("author_id", "name", "amount", "created_at", "updated_at") VALUES ($1, $2, $3, $4, $5) RETURNING "id"[0m  [["author_id", 6], ["name", "Bus ticket"], ["amount", 2], ["created_at", "2023-11-20 21:58:26.907311"], ["updated_at", "2023-11-20 21:58:26.907311"]]
  [1m[36mTRANSACTION (0.4ms)[0m  [1m[35mCOMMIT[0m
  [1m[36mTRANSACTION (0.2ms)[0m  [1m[35mBEGIN[0m
  [1m[36mUser Load (0.3ms)[0m  [1m[34mSELECT "users".* FROM "users" WHERE "users"."id" = $1 LIMIT $2[0m  [["id", 6], ["LIMIT", 1]]
  [1m[36mDeal Create (0.5ms)[0m  [1m[32mINSERT INTO "deals" ("author_id", "name", "amount", "created_at", "updated_at") VALUES ($1, $2, $3, $4, $5) RETURNING "id"[0m  [["author_id", 6], ["name", "Cinema"], ["amount", 15], ["created_at", "2023-11-20 21:58:26.915326"], ["updated_at", "2023-11-20 21:58:26.915326"]]
  [1m[36mTRANSACTION (0.4ms)[0m  [1m[35mCOMMIT[0m
  [1m[36mTRANSACTION (0.2ms)[0m  [1m[35mBEGIN[0m
  [1m[36mCategory::HABTM_Deals Create (3.6ms)[0m  [1m[32mINSERT INTO "deals_categories" ("deal_id", "category_id", "created_at", "updated_at") VALUES ($1, $2, $3, $4) RETURNING "id"[0m  [["deal_id", 16], ["category_id", 7], ["created_at", "2023-11-20 21:58:26.967224"], ["updated_at", "2023-11-20 21:58:26.967224"]]
  [1m[36mTRANSACTION (0.5ms)[0m  [1m[35mCOMMIT[0m
  [1m[36mTRANSACTION (0.2ms)[0m  [1m[35mBEGIN[0m
  [1m[36mCategory::HABTM_Deals Create (2.1ms)[0m  [1m[32mINSERT INTO "deals_categories" ("deal_id", "category_id", "created_at", "updated_at") VALUES ($1, $2, $3, $4) RETURNING "id"[0m  [["deal_id", 17], ["category_id", 8], ["created_at", "2023-11-20 21:58:26.976107"], ["updated_at", "2023-11-20 21:58:26.976107"]]
  [1m[36mTRANSACTION (0.4ms)[0m  [1m[35mCOMMIT[0m
  [1m[36mTRANSACTION (0.2ms)[0m  [1m[35mBEGIN[0m
  [1m[36mCategory::HABTM_Deals Create (2.0ms)[0m  [1m[32mINSERT INTO "deals_categories" ("deal_id", "category_id", "created_at", "updated_at") VALUES ($1, $2, $3, $4) RETURNING "id"[0m  [["deal_id", 18], ["category_id", 9], ["created_at", "2023-11-20 21:58:26.983617"], ["updated_at", "2023-11-20 21:58:26.983617"]]
  [1m[36mTRANSACTION (0.4ms)[0m  [1m[35mCOMMIT[0m
  [1m[36mActiveRecord::SchemaMigration Load (2.3ms)[0m  [1m[34mSELECT "schema_migrations"."version" FROM "schema_migrations" ORDER BY "schema_migrations"."version" ASC[0m
  [1m[36mTRANSACTION (0.2ms)[0m  [1m[35mBEGIN[0m
  [1m[36mUser Create (2.8ms)[0m  [1m[32mINSERT INTO "users" ("name", "created_at", "updated_at") VALUES ($1, $2, $3) RETURNING "id"[0m  [["name", "John"], ["created_at", "2023-11-20 22:01:31.378928"], ["updated_at", "2023-11-20 22:01:31.378928"]]
  [1m[36mTRANSACTION (1.3ms)[0m  [1m[35mCOMMIT[0m
  [1m[36mTRANSACTION (0.2ms)[0m  [1m[35mBEGIN[0m
  [1m[36mUser Load (1.2ms)[0m  [1m[34mSELECT "users".* FROM "users" WHERE "users"."id" = $1 LIMIT $2[0m  [["id", 7], ["LIMIT", 1]]
  [1m[36mCategory Exists? (2.9ms)[0m  [1m[34mSELECT 1 AS one FROM "categories" WHERE "categories"."name" = $1 LIMIT $2[0m  [["name", "Food"], ["LIMIT", 1]]
  [1m[36mCategory Create (1.0ms)[0m  [1m[32mINSERT INTO "categories" ("author_id", "name", "icon", "created_at", "updated_at") VALUES ($1, $2, $3, $4, $5) RETURNING "id"[0m  [["author_id", 7], ["name", "Food"], ["icon", "fas fa-utensils"], ["created_at", "2023-11-20 22:01:31.473456"], ["updated_at", "2023-11-20 22:01:31.473456"]]
  [1m[36mTRANSACTION (0.5ms)[0m  [1m[35mCOMMIT[0m
  [1m[36mTRANSACTION (0.2ms)[0m  [1m[35mBEGIN[0m
  [1m[36mUser Load (0.3ms)[0m  [1m[34mSELECT "users".* FROM "users" WHERE "users"."id" = $1 LIMIT $2[0m  [["id", 7], ["LIMIT", 1]]
  [1m[36mCategory Exists? (0.3ms)[0m  [1m[34mSELECT 1 AS one FROM "categories" WHERE "categories"."name" = $1 LIMIT $2[0m  [["name", "Transport"], ["LIMIT", 1]]
  [1m[36mCategory Create (0.5ms)[0m  [1m[32mINSERT INTO "categories" ("author_id", "name", "icon", "created_at", "updated_at") VALUES ($1, $2, $3, $4, $5) RETURNING "id"[0m  [["author_id", 7], ["name", "Transport"], ["icon", "fas fa-bus"], ["created_at", "2023-11-20 22:01:31.484264"], ["updated_at", "2023-11-20 22:01:31.484264"]]
  [1m[36mTRANSACTION (0.5ms)[0m  [1m[35mCOMMIT[0m
  [1m[36mTRANSACTION (0.2ms)[0m  [1m[35mBEGIN[0m
  [1m[36mUser Load (0.3ms)[0m  [1m[34mSELECT "users".* FROM "users" WHERE "users"."id" = $1 LIMIT $2[0m  [["id", 7], ["LIMIT", 1]]
  [1m[36mCategory Exists? (0.3ms)[0m  [1m[34mSELECT 1 AS one FROM "categories" WHERE "categories"."name" = $1 LIMIT $2[0m  [["name", "Entertainment"], ["LIMIT", 1]]
  [1m[36mCategory Create (0.5ms)[0m  [1m[32mINSERT INTO "categories" ("author_id", "name", "icon", "created_at", "updated_at") VALUES ($1, $2, $3, $4, $5) RETURNING "id"[0m  [["author_id", 7], ["name", "Entertainment"], ["icon", "fas fa-gamepad"], ["created_at", "2023-11-20 22:01:31.493961"], ["updated_at", "2023-11-20 22:01:31.493961"]]
  [1m[36mTRANSACTION (0.5ms)[0m  [1m[35mCOMMIT[0m
  [1m[36mTRANSACTION (0.3ms)[0m  [1m[35mBEGIN[0m
  [1m[36mUser Load (0.3ms)[0m  [1m[34mSELECT "users".* FROM "users" WHERE "users"."id" = $1 LIMIT $2[0m  [["id", 7], ["LIMIT", 1]]
  [1m[36mDeal Create (1.7ms)[0m  [1m[32mINSERT INTO "deals" ("author_id", "name", "amount", "created_at", "updated_at") VALUES ($1, $2, $3, $4, $5) RETURNING "id"[0m  [["author_id", 7], ["name", "Lunch"], ["amount", 10], ["created_at", "2023-11-20 22:01:31.532912"], ["updated_at", "2023-11-20 22:01:31.532912"]]
  [1m[36mTRANSACTION (0.4ms)[0m  [1m[35mCOMMIT[0m
  [1m[36mTRANSACTION (0.2ms)[0m  [1m[35mBEGIN[0m
  [1m[36mUser Load (0.3ms)[0m  [1m[34mSELECT "users".* FROM "users" WHERE "users"."id" = $1 LIMIT $2[0m  [["id", 7], ["LIMIT", 1]]
  [1m[36mDeal Create (0.5ms)[0m  [1m[32mINSERT INTO "deals" ("author_id", "name", "amount", "created_at", "updated_at") VALUES ($1, $2, $3, $4, $5) RETURNING "id"[0m  [["author_id", 7], ["name", "Bus ticket"], ["amount", 2], ["created_at", "2023-11-20 22:01:31.553065"], ["updated_at", "2023-11-20 22:01:31.553065"]]
  [1m[36mTRANSACTION (0.5ms)[0m  [1m[35mCOMMIT[0m
  [1m[36mTRANSACTION (0.2ms)[0m  [1m[35mBEGIN[0m
  [1m[36mUser Load (0.3ms)[0m  [1m[34mSELECT "users".* FROM "users" WHERE "users"."id" = $1 LIMIT $2[0m  [["id", 7], ["LIMIT", 1]]
  [1m[36mDeal Create (0.5ms)[0m  [1m[32mINSERT INTO "deals" ("author_id", "name", "amount", "created_at", "updated_at") VALUES ($1, $2, $3, $4, $5) RETURNING "id"[0m  [["author_id", 7], ["name", "Cinema"], ["amount", 15], ["created_at", "2023-11-20 22:01:31.562041"], ["updated_at", "2023-11-20 22:01:31.562041"]]
  [1m[36mTRANSACTION (0.4ms)[0m  [1m[35mCOMMIT[0m
  [1m[36mTRANSACTION (0.2ms)[0m  [1m[35mBEGIN[0m
  [1m[36mCategory::HABTM_Deals Create (3.6ms)[0m  [1m[32mINSERT INTO "deals_categories" ("deal_id", "category_id", "created_at", "updated_at") VALUES ($1, $2, $3, $4) RETURNING "id"[0m  [["deal_id", 19], ["category_id", 10], ["created_at", "2023-11-20 22:01:31.614897"], ["updated_at", "2023-11-20 22:01:31.614897"]]
  [1m[36mTRANSACTION (0.5ms)[0m  [1m[35mCOMMIT[0m
  [1m[36mTRANSACTION (0.2ms)[0m  [1m[35mBEGIN[0m
  [1m[36mCategory::HABTM_Deals Create (2.5ms)[0m  [1m[32mINSERT INTO "deals_categories" ("deal_id", "category_id", "created_at", "updated_at") VALUES ($1, $2, $3, $4) RETURNING "id"[0m  [["deal_id", 20], ["category_id", 11], ["created_at", "2023-11-20 22:01:31.624017"], ["updated_at", "2023-11-20 22:01:31.624017"]]
  [1m[36mTRANSACTION (0.4ms)[0m  [1m[35mCOMMIT[0m
  [1m[36mTRANSACTION (0.2ms)[0m  [1m[35mBEGIN[0m
  [1m[36mCategory::HABTM_Deals Create (2.1ms)[0m  [1m[32mINSERT INTO "deals_categories" ("deal_id", "category_id", "created_at", "updated_at") VALUES ($1, $2, $3, $4) RETURNING "id"[0m  [["deal_id", 21], ["category_id", 12], ["created_at", "2023-11-20 22:01:31.631690"], ["updated_at", "2023-11-20 22:01:31.631690"]]
  [1m[36mTRANSACTION (0.5ms)[0m  [1m[35mCOMMIT[0m
  [1m[36mTRANSACTION (0.2ms)[0m  [1m[35mBEGIN[0m
  [1m[36mDeal::HABTM_Categories Create (2.2ms)[0m  [1m[32mINSERT INTO "deals_categories" ("deal_id", "category_id", "created_at", "updated_at") VALUES ($1, $2, $3, $4) RETURNING "id"[0m  [["deal_id", 19], ["category_id", 10], ["created_at", "2023-11-20 22:01:31.642290"], ["updated_at", "2023-11-20 22:01:31.642290"]]
  [1m[36mTRANSACTION (0.4ms)[0m  [1m[35mCOMMIT[0m
  [1m[36mTRANSACTION (0.2ms)[0m  [1m[35mBEGIN[0m
  [1m[36mDeal::HABTM_Categories Create (2.0ms)[0m  [1m[32mINSERT INTO "deals_categories" ("deal_id", "category_id", "created_at", "updated_at") VALUES ($1, $2, $3, $4) RETURNING "id"[0m  [["deal_id", 20], ["category_id", 11], ["created_at", "2023-11-20 22:01:31.649444"], ["updated_at", "2023-11-20 22:01:31.649444"]]
  [1m[36mTRANSACTION (0.4ms)[0m  [1m[35mCOMMIT[0m
  [1m[36mTRANSACTION (0.2ms)[0m  [1m[35mBEGIN[0m
  [1m[36mDeal::HABTM_Categories Create (2.1ms)[0m  [1m[32mINSERT INTO "deals_categories" ("deal_id", "category_id", "created_at", "updated_at") VALUES ($1, $2, $3, $4) RETURNING "id"[0m  [["deal_id", 21], ["category_id", 12], ["created_at", "2023-11-20 22:01:31.656496"], ["updated_at", "2023-11-20 22:01:31.656496"]]
  [1m[36mTRANSACTION (0.4ms)[0m  [1m[35mCOMMIT[0m
  [1m[36mActiveRecord::SchemaMigration Load (1.9ms)[0m  [1m[34mSELECT "schema_migrations"."version" FROM "schema_migrations" ORDER BY "schema_migrations"."version" ASC[0m
  [1m[36mTRANSACTION (0.2ms)[0m  [1m[35mBEGIN[0m
  [1m[36mUser Create (4.3ms)[0m  [1m[32mINSERT INTO "users" ("name", "created_at", "updated_at") VALUES ($1, $2, $3) RETURNING "id"[0m  [["name", "John"], ["created_at", "2023-11-20 22:04:18.174697"], ["updated_at", "2023-11-20 22:04:18.174697"]]
  [1m[36mTRANSACTION (1.3ms)[0m  [1m[35mCOMMIT[0m
  [1m[36mTRANSACTION (0.2ms)[0m  [1m[35mBEGIN[0m
  [1m[36mUser Load (1.0ms)[0m  [1m[34mSELECT "users".* FROM "users" WHERE "users"."id" = $1 LIMIT $2[0m  [["id", 8], ["LIMIT", 1]]
  [1m[36mCategory Exists? (2.2ms)[0m  [1m[34mSELECT 1 AS one FROM "categories" WHERE "categories"."name" = $1 LIMIT $2[0m  [["name", "Food"], ["LIMIT", 1]]
  [1m[36mCategory Create (0.8ms)[0m  [1m[32mINSERT INTO "categories" ("author_id", "name", "icon", "created_at", "updated_at") VALUES ($1, $2, $3, $4, $5) RETURNING "id"[0m  [["author_id", 8], ["name", "Food"], ["icon", "fas fa-utensils"], ["created_at", "2023-11-20 22:04:18.269101"], ["updated_at", "2023-11-20 22:04:18.269101"]]
  [1m[36mTRANSACTION (0.4ms)[0m  [1m[35mCOMMIT[0m
  [1m[36mTRANSACTION (0.2ms)[0m  [1m[35mBEGIN[0m
  [1m[36mUser Load (0.3ms)[0m  [1m[34mSELECT "users".* FROM "users" WHERE "users"."id" = $1 LIMIT $2[0m  [["id", 8], ["LIMIT", 1]]
  [1m[36mCategory Exists? (0.3ms)[0m  [1m[34mSELECT 1 AS one FROM "categories" WHERE "categories"."name" = $1 LIMIT $2[0m  [["name", "Transport"], ["LIMIT", 1]]
  [1m[36mCategory Create (0.5ms)[0m  [1m[32mINSERT INTO "categories" ("author_id", "name", "icon", "created_at", "updated_at") VALUES ($1, $2, $3, $4, $5) RETURNING "id"[0m  [["author_id", 8], ["name", "Transport"], ["icon", "fas fa-bus"], ["created_at", "2023-11-20 22:04:18.278896"], ["updated_at", "2023-11-20 22:04:18.278896"]]
  [1m[36mTRANSACTION (0.5ms)[0m  [1m[35mCOMMIT[0m
  [1m[36mTRANSACTION (0.1ms)[0m  [1m[35mBEGIN[0m
  [1m[36mUser Load (0.3ms)[0m  [1m[34mSELECT "users".* FROM "users" WHERE "users"."id" = $1 LIMIT $2[0m  [["id", 8], ["LIMIT", 1]]
  [1m[36mCategory Exists? (0.3ms)[0m  [1m[34mSELECT 1 AS one FROM "categories" WHERE "categories"."name" = $1 LIMIT $2[0m  [["name", "Entertainment"], ["LIMIT", 1]]
  [1m[36mCategory Create (0.9ms)[0m  [1m[32mINSERT INTO "categories" ("author_id", "name", "icon", "created_at", "updated_at") VALUES ($1, $2, $3, $4, $5) RETURNING "id"[0m  [["author_id", 8], ["name", "Entertainment"], ["icon", "fas fa-gamepad"], ["created_at", "2023-11-20 22:04:18.288806"], ["updated_at", "2023-11-20 22:04:18.288806"]]
  [1m[36mTRANSACTION (0.4ms)[0m  [1m[35mCOMMIT[0m
  [1m[36mTRANSACTION (0.2ms)[0m  [1m[35mBEGIN[0m
  [1m[36mUser Load (0.3ms)[0m  [1m[34mSELECT "users".* FROM "users" WHERE "users"."id" = $1 LIMIT $2[0m  [["id", 8], ["LIMIT", 1]]
  [1m[36mDeal Create (1.4ms)[0m  [1m[32mINSERT INTO "deals" ("author_id", "name", "amount", "created_at", "updated_at") VALUES ($1, $2, $3, $4, $5) RETURNING "id"[0m  [["author_id", 8], ["name", "Lunch"], ["amount", 10], ["created_at", "2023-11-20 22:04:18.324666"], ["updated_at", "2023-11-20 22:04:18.324666"]]
  [1m[36mTRANSACTION (0.4ms)[0m  [1m[35mCOMMIT[0m
  [1m[36mTRANSACTION (0.2ms)[0m  [1m[35mBEGIN[0m
  [1m[36mUser Load (0.3ms)[0m  [1m[34mSELECT "users".* FROM "users" WHERE "users"."id" = $1 LIMIT $2[0m  [["id", 8], ["LIMIT", 1]]
  [1m[36mDeal Create (0.6ms)[0m  [1m[32mINSERT INTO "deals" ("author_id", "name", "amount", "created_at", "updated_at") VALUES ($1, $2, $3, $4, $5) RETURNING "id"[0m  [["author_id", 8], ["name", "Bus ticket"], ["amount", 2], ["created_at", "2023-11-20 22:04:18.345940"], ["updated_at", "2023-11-20 22:04:18.345940"]]
  [1m[36mTRANSACTION (0.4ms)[0m  [1m[35mCOMMIT[0m
  [1m[36mTRANSACTION (0.2ms)[0m  [1m[35mBEGIN[0m
  [1m[36mUser Load (0.4ms)[0m  [1m[34mSELECT "users".* FROM "users" WHERE "users"."id" = $1 LIMIT $2[0m  [["id", 8], ["LIMIT", 1]]
  [1m[36mDeal Create (0.6ms)[0m  [1m[32mINSERT INTO "deals" ("author_id", "name", "amount", "created_at", "updated_at") VALUES ($1, $2, $3, $4, $5) RETURNING "id"[0m  [["author_id", 8], ["name", "Cinema"], ["amount", 15], ["created_at", "2023-11-20 22:04:18.355855"], ["updated_at", "2023-11-20 22:04:18.355855"]]
  [1m[36mTRANSACTION (0.3ms)[0m  [1m[35mCOMMIT[0m
  [1m[36mTRANSACTION (0.2ms)[0m  [1m[35mBEGIN[0m
  [1m[36mCategory::HABTM_Deals Create (2.8ms)[0m  [1m[32mINSERT INTO "deals_categories" ("deal_id", "category_id", "created_at", "updated_at") VALUES ($1, $2, $3, $4) RETURNING "id"[0m  [["deal_id", 22], ["category_id", 13], ["created_at", "2023-11-20 22:04:18.407558"], ["updated_at", "2023-11-20 22:04:18.407558"]]
  [1m[36mTRANSACTION (0.4ms)[0m  [1m[35mCOMMIT[0m
  [1m[36mTRANSACTION (0.2ms)[0m  [1m[35mBEGIN[0m
  [1m[36mCategory::HABTM_Deals Create (3.2ms)[0m  [1m[32mINSERT INTO "deals_categories" ("deal_id", "category_id", "created_at", "updated_at") VALUES ($1, $2, $3, $4) RETURNING "id"[0m  [["deal_id", 23], ["category_id", 14], ["created_at", "2023-11-20 22:04:18.415910"], ["updated_at", "2023-11-20 22:04:18.415910"]]
  [1m[36mTRANSACTION (0.4ms)[0m  [1m[35mCOMMIT[0m
  [1m[36mTRANSACTION (0.2ms)[0m  [1m[35mBEGIN[0m
  [1m[36mCategory::HABTM_Deals Create (2.1ms)[0m  [1m[32mINSERT INTO "deals_categories" ("deal_id", "category_id", "created_at", "updated_at") VALUES ($1, $2, $3, $4) RETURNING "id"[0m  [["deal_id", 24], ["category_id", 15], ["created_at", "2023-11-20 22:04:18.423952"], ["updated_at", "2023-11-20 22:04:18.423952"]]
  [1m[36mTRANSACTION (0.4ms)[0m  [1m[35mCOMMIT[0m
  [1m[35m (2.2ms)[0m  [1m[34mSELECT pg_try_advisory_lock(2127889314188895495)[0m
  [1m[36mActiveRecord::SchemaMigration Load (3.9ms)[0m  [1m[34mSELECT "schema_migrations"."version" FROM "schema_migrations" ORDER BY "schema_migrations"."version" ASC[0m
  [1m[36mActiveRecord::InternalMetadata Load (3.9ms)[0m  [1m[34mSELECT * FROM "ar_internal_metadata" WHERE "ar_internal_metadata"."key" = $1 ORDER BY "ar_internal_metadata"."key" ASC LIMIT 1[0m  [[nil, "environment"]]
Migrating to AddDeviseToUsers (20231120223226)
  [1m[36mTRANSACTION (0.2ms)[0m  [1m[35mBEGIN[0m
  [1m[35m (21.4ms)[0m  [1m[35mALTER TABLE "users" ADD "email" character varying DEFAULT '' NOT NULL[0m
  [1m[35m (0.6ms)[0m  [1m[35mALTER TABLE "users" ADD "encrypted_password" character varying DEFAULT '' NOT NULL[0m
  [1m[35m (0.5ms)[0m  [1m[35mALTER TABLE "users" ADD "reset_password_token" character varying[0m
  [1m[35m (0.9ms)[0m  [1m[35mALTER TABLE "users" ADD "reset_password_sent_at" timestamp(6)[0m
  [1m[35m (0.6ms)[0m  [1m[35mALTER TABLE "users" ADD "remember_created_at" timestamp(6)[0m
  [1m[35m (0.6ms)[0m  [1m[35mALTER TABLE "users" ADD "confirmation_token" character varying[0m
  [1m[35m (0.6ms)[0m  [1m[35mALTER TABLE "users" ADD "confirmed_at" timestamp(6)[0m
  [1m[35m (0.6ms)[0m  [1m[35mALTER TABLE "users" ADD "confirmation_sent_at" timestamp(6)[0m
  [1m[35m (0.5ms)[0m  [1m[35mALTER TABLE "users" ADD "unconfirmed_email" character varying[0m
  [1m[35m (65.7ms)[0m  [1m[35mCREATE UNIQUE INDEX "index_users_on_email" ON "users" ("email")[0m
  [1m[35m (110.9ms)[0m  [1m[35mCREATE UNIQUE INDEX "index_users_on_reset_password_token" ON "users" ("reset_password_token")[0m
  [1m[35m (56.9ms)[0m  [1m[35mCREATE UNIQUE INDEX "index_users_on_confirmation_token" ON "users" ("confirmation_token")[0m
  [1m[36mActiveRecord::SchemaMigration Create (1.4ms)[0m  [1m[32mINSERT INTO "schema_migrations" ("version") VALUES ('20231120223226') RETURNING "version"[0m
  [1m[36mTRANSACTION (1.9ms)[0m  [1m[35mCOMMIT[0m
  [1m[35m (0.4ms)[0m  [1m[34mSELECT pg_advisory_unlock(2127889314188895495)[0m
  [1m[36mActiveRecord::SchemaMigration Load (0.3ms)[0m  [1m[34mSELECT "schema_migrations"."version" FROM "schema_migrations" ORDER BY "schema_migrations"."version" ASC[0m
  [1m[36mActiveRecord::SchemaMigration Load (2.6ms)[0m  [1m[34mSELECT "schema_migrations"."version" FROM "schema_migrations" ORDER BY "schema_migrations"."version" ASC[0m
  [1m[36mTRANSACTION (0.2ms)[0m  [1m[35mBEGIN[0m
  [1m[36mCategory Exists? (20.0ms)[0m  [1m[34mSELECT 1 AS one FROM "categories" WHERE "categories"."name" = $1 LIMIT $2[0m  [["name", "Food"], ["LIMIT", 1]]
  [1m[36mTRANSACTION (0.3ms)[0m  [1m[31mROLLBACK[0m
  [1m[36mTRANSACTION (0.2ms)[0m  [1m[35mBEGIN[0m
  [1m[36mCategory Exists? (2.2ms)[0m  [1m[34mSELECT 1 AS one FROM "categories" WHERE "categories"."name" = $1 LIMIT $2[0m  [["name", "Transport"], ["LIMIT", 1]]
  [1m[36mTRANSACTION (0.2ms)[0m  [1m[31mROLLBACK[0m
  [1m[36mTRANSACTION (0.2ms)[0m  [1m[35mBEGIN[0m
  [1m[36mCategory Exists? (1.6ms)[0m  [1m[34mSELECT 1 AS one FROM "categories" WHERE "categories"."name" = $1 LIMIT $2[0m  [["name", "Entertainment"], ["LIMIT", 1]]
  [1m[36mTRANSACTION (0.2ms)[0m  [1m[31mROLLBACK[0m
  [1m[36mActiveRecord::SchemaMigration Load (2.5ms)[0m  [1m[34mSELECT "schema_migrations"."version" FROM "schema_migrations" ORDER BY "schema_migrations"."version" ASC[0m
  [1m[36mTRANSACTION (0.4ms)[0m  [1m[35mBEGIN[0m
  [1m[36mCategory Exists? (6.1ms)[0m  [1m[34mSELECT 1 AS one FROM "categories" WHERE "categories"."name" = $1 LIMIT $2[0m  [["name", "Food"], ["LIMIT", 1]]
  [1m[36mTRANSACTION (0.2ms)[0m  [1m[31mROLLBACK[0m
  [1m[36mTRANSACTION (0.2ms)[0m  [1m[35mBEGIN[0m
  [1m[36mCategory Exists? (1.7ms)[0m  [1m[34mSELECT 1 AS one FROM "categories" WHERE "categories"."name" = $1 LIMIT $2[0m  [["name", "Transport"], ["LIMIT", 1]]
  [1m[36mTRANSACTION (0.2ms)[0m  [1m[31mROLLBACK[0m
  [1m[36mTRANSACTION (0.4ms)[0m  [1m[35mBEGIN[0m
  [1m[36mCategory Exists? (3.0ms)[0m  [1m[34mSELECT 1 AS one FROM "categories" WHERE "categories"."name" = $1 LIMIT $2[0m  [["name", "Entertainment"], ["LIMIT", 1]]
  [1m[36mTRANSACTION (0.2ms)[0m  [1m[31mROLLBACK[0m
  [1m[36mActiveRecord::SchemaMigration Load (3.1ms)[0m  [1m[34mSELECT "schema_migrations"."version" FROM "schema_migrations" ORDER BY "schema_migrations"."version" ASC[0m
  [1m[36mTRANSACTION (0.2ms)[0m  [1m[35mBEGIN[0m
  [1m[36mUser Exists? (9.5ms)[0m  [1m[34mSELECT 1 AS one FROM "users" WHERE "users"."email" = $1 LIMIT $2[0m  [["email", "test@example.com"], ["LIMIT", 1]]
  [1m[36mUser Create (5.2ms)[0m  [1m[32mINSERT INTO "users" ("name", "created_at", "updated_at", "email", "encrypted_password", "reset_password_token", "reset_password_sent_at", "remember_created_at", "confirmation_token", "confirmed_at", "confirmation_sent_at", "unconfirmed_email") VALUES ($1, $2, $3, $4, $5, $6, $7, $8, $9, $10, $11, $12) RETURNING "id"[0m  [["name", "John"], ["created_at", "2023-11-20 22:40:46.426438"], ["updated_at", "2023-11-20 22:40:46.426438"], ["email", "test@example.com"], ["encrypted_password", "[FILTERED]"], ["reset_password_token", "[FILTERED]"], ["reset_password_sent_at", "[FILTERED]"], ["remember_created_at", nil], ["confirmation_token", "[FILTERED]"], ["confirmed_at", nil], ["confirmation_sent_at", "2023-11-20 22:40:46.426632"], ["unconfirmed_email", nil]]
  [1m[36mTRANSACTION (1.3ms)[0m  [1m[35mCOMMIT[0m
  Rendering C:/Users/Abdul Wahab/.local/share/gem/ruby/3.2.0/gems/devise-4.9.3/app/views/devise/mailer/confirmation_instructions.html.erb
  Rendered C:/Users/Abdul Wahab/.local/share/gem/ruby/3.2.0/gems/devise-4.9.3/app/views/devise/mailer/confirmation_instructions.html.erb (Duration: 30.6ms | Allocations: 1010)
Devise::Mailer#confirmation_instructions: processed outbound mail in 1166.1ms
Delivered mail 655be072326c_4250fa0914c2@DESKTOP-5LCMIHU.mail (4887.3ms)
Date: Tue, 21 Nov 2023 03:40:50 +0500
From: please-change-me-at-config-initializers-devise@example.com
Reply-To: please-change-me-at-config-initializers-devise@example.com
To: test@example.com
Message-ID: <655be072326c_4250fa0914c2@DESKTOP-5LCMIHU.mail>
Subject: Confirmation instructions
Mime-Version: 1.0
Content-Type: text/html;
 charset=UTF-8
Content-Transfer-Encoding: 7bit

<p>Welcome test@example.com!</p>

<p>You can confirm your account email through the link below:</p>

<p><a href="http://localhost:3000/users/confirmation?confirmation_token=qsUvbgj8xcqr4zsTvXb2">Confirm my account</a></p>

  [1m[36mTRANSACTION (0.3ms)[0m  [1m[35mBEGIN[0m
  [1m[36mUser Load (0.5ms)[0m  [1m[34mSELECT "users".* FROM "users" WHERE "users"."id" = $1 LIMIT $2[0m  [["id", 9], ["LIMIT", 1]]
  [1m[36mCategory Exists? (3.4ms)[0m  [1m[34mSELECT 1 AS one FROM "categories" WHERE "categories"."name" = $1 LIMIT $2[0m  [["name", "Food"], ["LIMIT", 1]]
  [1m[36mCategory Create (28.7ms)[0m  [1m[32mINSERT INTO "categories" ("author_id", "name", "icon", "created_at", "updated_at") VALUES ($1, $2, $3, $4, $5) RETURNING "id"[0m  [["author_id", 9], ["name", "Food"], ["icon", "fas fa-utensils"], ["created_at", "2023-11-20 22:40:54.941232"], ["updated_at", "2023-11-20 22:40:54.941232"]]
  [1m[36mTRANSACTION (13.9ms)[0m  [1m[35mCOMMIT[0m
  [1m[36mTRANSACTION (0.2ms)[0m  [1m[35mBEGIN[0m
  [1m[36mUser Load (0.4ms)[0m  [1m[34mSELECT "users".* FROM "users" WHERE "users"."id" = $1 LIMIT $2[0m  [["id", 9], ["LIMIT", 1]]
  [1m[36mCategory Exists? (0.5ms)[0m  [1m[34mSELECT 1 AS one FROM "categories" WHERE "categories"."name" = $1 LIMIT $2[0m  [["name", "Transport"], ["LIMIT", 1]]
  [1m[36mCategory Create (0.6ms)[0m  [1m[32mINSERT INTO "categories" ("author_id", "name", "icon", "created_at", "updated_at") VALUES ($1, $2, $3, $4, $5) RETURNING "id"[0m  [["author_id", 9], ["name", "Transport"], ["icon", "fas fa-bus"], ["created_at", "2023-11-20 22:40:54.998202"], ["updated_at", "2023-11-20 22:40:54.998202"]]
  [1m[36mTRANSACTION (15.6ms)[0m  [1m[35mCOMMIT[0m
  [1m[36mTRANSACTION (0.2ms)[0m  [1m[35mBEGIN[0m
  [1m[36mUser Load (0.6ms)[0m  [1m[34mSELECT "users".* FROM "users" WHERE "users"."id" = $1 LIMIT $2[0m  [["id", 9], ["LIMIT", 1]]
  [1m[36mCategory Exists? (0.4ms)[0m  [1m[34mSELECT 1 AS one FROM "categories" WHERE "categories"."name" = $1 LIMIT $2[0m  [["name", "Entertainment"], ["LIMIT", 1]]
  [1m[36mCategory Create (0.6ms)[0m  [1m[32mINSERT INTO "categories" ("author_id", "name", "icon", "created_at", "updated_at") VALUES ($1, $2, $3, $4, $5) RETURNING "id"[0m  [["author_id", 9], ["name", "Entertainment"], ["icon", "fas fa-gamepad"], ["created_at", "2023-11-20 22:40:55.027995"], ["updated_at", "2023-11-20 22:40:55.027995"]]
  [1m[36mTRANSACTION (14.8ms)[0m  [1m[35mCOMMIT[0m
  [1m[36mTRANSACTION (0.3ms)[0m  [1m[35mBEGIN[0m
  [1m[36mUser Load (0.5ms)[0m  [1m[34mSELECT "users".* FROM "users" WHERE "users"."id" = $1 LIMIT $2[0m  [["id", 9], ["LIMIT", 1]]
  [1m[36mDeal Create (2.0ms)[0m  [1m[32mINSERT INTO "deals" ("author_id", "name", "amount", "created_at", "updated_at") VALUES ($1, $2, $3, $4, $5) RETURNING "id"[0m  [["author_id", 9], ["name", "Lunch"], ["amount", 10], ["created_at", "2023-11-20 22:40:55.105738"], ["updated_at", "2023-11-20 22:40:55.105738"]]
  [1m[36mTRANSACTION (0.7ms)[0m  [1m[35mCOMMIT[0m
  [1m[36mTRANSACTION (0.2ms)[0m  [1m[35mBEGIN[0m
  [1m[36mUser Load (0.4ms)[0m  [1m[34mSELECT "users".* FROM "users" WHERE "users"."id" = $1 LIMIT $2[0m  [["id", 9], ["LIMIT", 1]]
  [1m[36mDeal Create (0.6ms)[0m  [1m[32mINSERT INTO "deals" ("author_id", "name", "amount", "created_at", "updated_at") VALUES ($1, $2, $3, $4, $5) RETURNING "id"[0m  [["author_id", 9], ["name", "Bus ticket"], ["amount", 2], ["created_at", "2023-11-20 22:40:55.118594"], ["updated_at", "2023-11-20 22:40:55.118594"]]
  [1m[36mTRANSACTION (19.1ms)[0m  [1m[35mCOMMIT[0m
  [1m[36mTRANSACTION (0.2ms)[0m  [1m[35mBEGIN[0m
  [1m[36mUser Load (0.5ms)[0m  [1m[34mSELECT "users".* FROM "users" WHERE "users"."id" = $1 LIMIT $2[0m  [["id", 9], ["LIMIT", 1]]
  [1m[36mDeal Create (0.7ms)[0m  [1m[32mINSERT INTO "deals" ("author_id", "name", "amount", "created_at", "updated_at") VALUES ($1, $2, $3, $4, $5) RETURNING "id"[0m  [["author_id", 9], ["name", "Cinema"], ["amount", 15], ["created_at", "2023-11-20 22:40:55.148724"], ["updated_at", "2023-11-20 22:40:55.148724"]]
  [1m[36mTRANSACTION (17.0ms)[0m  [1m[35mCOMMIT[0m
  [1m[36mTRANSACTION (0.2ms)[0m  [1m[35mBEGIN[0m
  [1m[36mCategory::HABTM_Deals Create (54.5ms)[0m  [1m[32mINSERT INTO "deals_categories" ("deal_id", "category_id", "created_at", "updated_at") VALUES ($1, $2, $3, $4) RETURNING "id"[0m  [["deal_id", 25], ["category_id", 16], ["created_at", "2023-11-20 22:40:55.228916"], ["updated_at", "2023-11-20 22:40:55.228916"]]
  [1m[36mTRANSACTION (13.6ms)[0m  [1m[35mCOMMIT[0m
  [1m[36mTRANSACTION (0.6ms)[0m  [1m[35mBEGIN[0m
  [1m[36mCategory::HABTM_Deals Create (7.9ms)[0m  [1m[32mINSERT INTO "deals_categories" ("deal_id", "category_id", "created_at", "updated_at") VALUES ($1, $2, $3, $4) RETURNING "id"[0m  [["deal_id", 26], ["category_id", 17], ["created_at", "2023-11-20 22:40:55.343640"], ["updated_at", "2023-11-20 22:40:55.343640"]]
  [1m[36mTRANSACTION (7.7ms)[0m  [1m[35mCOMMIT[0m
  [1m[36mTRANSACTION (0.5ms)[0m  [1m[35mBEGIN[0m
  [1m[36mCategory::HABTM_Deals Create (48.6ms)[0m  [1m[32mINSERT INTO "deals_categories" ("deal_id", "category_id", "created_at", "updated_at") VALUES ($1, $2, $3, $4) RETURNING "id"[0m  [["deal_id", 27], ["category_id", 18], ["created_at", "2023-11-20 22:40:55.372959"], ["updated_at", "2023-11-20 22:40:55.372959"]]
  [1m[36mTRANSACTION (9.0ms)[0m  [1m[35mCOMMIT[0m
Started GET "/" for 127.0.0.1 at 2023-11-21 18:11:56 +0500
  [1m[36mActiveRecord::SchemaMigration Load (6.7ms)[0m  [1m[34mSELECT "schema_migrations"."version" FROM "schema_migrations" ORDER BY "schema_migrations"."version" ASC[0m
Processing by HomeController#index as HTML
Completed 500 Internal Server Error in 120ms (ActiveRecord: 0.0ms | Allocations: 2025)


  
NoMethodError (undefined method `categories' for nil:NilClass):
  
app/controllers/home_controller.rb:4:in `index'
Started GET "/" for 127.0.0.1 at 2023-11-21 18:13:04 +0500
Processing by HomeController#index as HTML
Completed 401 Unauthorized in 113ms (ActiveRecord: 0.0ms | Allocations: 1917)


Started GET "/users/sign_in" for 127.0.0.1 at 2023-11-21 18:13:10 +0500
Processing by Devise::SessionsController#new as HTML
  Rendering layout layouts/application.html.erb
  Rendering devise/sessions/new.html.erb within layouts/application
  Rendered devise/shared/_links.html.erb (Duration: 3.4ms | Allocations: 799)
  Rendered devise/sessions/new.html.erb within layouts/application (Duration: 255.3ms | Allocations: 4484)
  Rendered layout layouts/application.html.erb (Duration: 2680.8ms | Allocations: 93599)
Completed 500 Internal Server Error in 3434ms (ActiveRecord: 75.4ms | Allocations: 119893)


  
ActionView::Template::Error (Permission denied @ rb_file_s_rename - (C:/Users/Abdul Wahab/OneDrive/Documents/Microverse/Module 5/budget-application/Budget-app/tmp/cache/assets/sprockets/v4.0.0/_Z/_Zz4Ef-LUuDCVnuWGmhqhNRxc0mo_HAMZnycmdYdUGk.cache.35140.8424.665704, C:/Users/Abdul Wahab/OneDrive/Documents/Microverse/Module 5/budget-application/Budget-app/tmp/cache/assets/sprockets/v4.0.0/_Z/_Zz4Ef-LUuDCVnuWGmhqhNRxc0mo_HAMZnycmdYdUGk.cache)):
  
sprockets (4.2.1) lib/sprockets/path_utils.rb:362:in `rename'
sprockets (4.2.1) lib/sprockets/path_utils.rb:362:in `atomic_write'
sprockets (4.2.1) lib/sprockets/cache/file_store.rb:112:in `set'
sprockets (4.2.1) lib/sprockets/cache.rb:227:in `set'
sprockets (4.2.1) lib/sprockets/cache.rb:143:in `set'
sprockets (4.2.1) lib/sprockets/loader.rb:268:in `store_asset'
sprockets (4.2.1) lib/sprockets/loader.rb:228:in `load_from_unloaded'
sprockets (4.2.1) lib/sprockets/loader.rb:59:in `block in load'
sprockets (4.2.1) lib/sprockets/loader.rb:339:in `fetch_asset_from_dependency_cache'
sprockets (4.2.1) lib/sprockets/loader.rb:43:in `load'
sprockets (4.2.1) lib/sprockets/cached_environment.rb:44:in `block in load'
concurrent-ruby (1.2.2) lib/concurrent-ruby/concurrent/map.rb:207:in `block in fetch_or_store'
concurrent-ruby (1.2.2) lib/concurrent-ruby/concurrent/map.rb:187:in `fetch'
concurrent-ruby (1.2.2) lib/concurrent-ruby/concurrent/map.rb:206:in `fetch_or_store'
sprockets (4.2.1) lib/sprockets/cached_environment.rb:44:in `load'
sprockets (4.2.1) lib/sprockets/bundle.rb:32:in `block in call'
C:/Ruby32-x64/lib/ruby/3.2.0/set.rb:511:in `each_key'
C:/Ruby32-x64/lib/ruby/3.2.0/set.rb:511:in `each'
sprockets (4.2.1) lib/sprockets/bundle.rb:31:in `call'
sprockets (4.2.1) lib/sprockets/processor_utils.rb:84:in `call_processor'
sprockets (4.2.1) lib/sprockets/processor_utils.rb:66:in `block in call_processors'
sprockets (4.2.1) lib/sprockets/processor_utils.rb:65:in `reverse_each'
sprockets (4.2.1) lib/sprockets/processor_utils.rb:65:in `call_processors'
sprockets (4.2.1) lib/sprockets/loader.rb:184:in `load_from_unloaded'
sprockets (4.2.1) lib/sprockets/loader.rb:59:in `block in load'
sprockets (4.2.1) lib/sprockets/loader.rb:339:in `fetch_asset_from_dependency_cache'
sprockets (4.2.1) lib/sprockets/loader.rb:43:in `load'
sprockets (4.2.1) lib/sprockets/cached_environment.rb:44:in `block in load'
concurrent-ruby (1.2.2) lib/concurrent-ruby/concurrent/map.rb:207:in `block in fetch_or_store'
concurrent-ruby (1.2.2) lib/concurrent-ruby/concurrent/map.rb:187:in `fetch'
concurrent-ruby (1.2.2) lib/concurrent-ruby/concurrent/map.rb:206:in `fetch_or_store'
sprockets (4.2.1) lib/sprockets/cached_environment.rb:44:in `load'
sprockets (4.2.1) lib/sprockets/base.rb:81:in `find_asset'
sprockets (4.2.1) lib/sprockets/base.rb:88:in `find_all_linked_assets'
sprockets (4.2.1) lib/sprockets/manifest.rb:125:in `each'
sprockets (4.2.1) lib/sprockets/manifest.rb:125:in `to_a'
sprockets (4.2.1) lib/sprockets/manifest.rb:125:in `block (2 levels) in find'
concurrent-ruby (1.2.2) lib/concurrent-ruby/concurrent/executor/safe_task_executor.rb:24:in `block in execute'
concurrent-ruby (1.2.2) lib/concurrent-ruby/concurrent/synchronization/mutex_lockable_object.rb:48:in `block in synchronize'
concurrent-ruby (1.2.2) lib/concurrent-ruby/concurrent/synchronization/mutex_lockable_object.rb:48:in `synchronize'
concurrent-ruby (1.2.2) lib/concurrent-ruby/concurrent/synchronization/mutex_lockable_object.rb:48:in `synchronize'
concurrent-ruby (1.2.2) lib/concurrent-ruby/concurrent/executor/safe_task_executor.rb:22:in `execute'
concurrent-ruby (1.2.2) lib/concurrent-ruby/concurrent/promise.rb:564:in `block in realize'
concurrent-ruby (1.2.2) lib/concurrent-ruby/concurrent/executor/ruby_thread_pool_executor.rb:352:in `run_task'
concurrent-ruby (1.2.2) lib/concurrent-ruby/concurrent/executor/ruby_thread_pool_executor.rb:343:in `block (3 levels) in create_worker'
concurrent-ruby (1.2.2) lib/concurrent-ruby/concurrent/executor/ruby_thread_pool_executor.rb:334:in `loop'
concurrent-ruby (1.2.2) lib/concurrent-ruby/concurrent/executor/ruby_thread_pool_executor.rb:334:in `block (2 levels) in create_worker'
concurrent-ruby (1.2.2) lib/concurrent-ruby/concurrent/executor/ruby_thread_pool_executor.rb:333:in `catch'
concurrent-ruby (1.2.2) lib/concurrent-ruby/concurrent/executor/ruby_thread_pool_executor.rb:333:in `block in create_worker'
Started GET "/users/sign_in" for 127.0.0.1 at 2023-11-21 18:13:37 +0500
Processing by Devise::SessionsController#new as HTML
  Rendering layout layouts/application.html.erb
  Rendering devise/sessions/new.html.erb within layouts/application
  Rendered devise/shared/_links.html.erb (Duration: 4.6ms | Allocations: 772)
  Rendered devise/sessions/new.html.erb within layouts/application (Duration: 11.7ms | Allocations: 2073)
  Rendered layout layouts/application.html.erb (Duration: 113.0ms | Allocations: 24720)
Completed 200 OK in 153ms (Views: 138.5ms | ActiveRecord: 3.8ms | Allocations: 31763)


Started GET "/users/sign_up" for 127.0.0.1 at 2023-11-21 18:13:48 +0500
Processing by Devise::RegistrationsController#new as HTML
  Rendering layout layouts/application.html.erb
  Rendering devise/registrations/new.html.erb within layouts/application
  Rendered devise/shared/_error_messages.html.erb (Duration: 0.9ms | Allocations: 221)
  Rendered devise/shared/_links.html.erb (Duration: 1.7ms | Allocations: 241)
  Rendered devise/registrations/new.html.erb within layouts/application (Duration: 13.4ms | Allocations: 1809)
  Rendered layout layouts/application.html.erb (Duration: 22.7ms | Allocations: 2974)
Completed 200 OK in 41ms (Views: 37.3ms | ActiveRecord: 0.0ms | Allocations: 4103)


Started GET "/users/sign_up" for 127.0.0.1 at 2023-11-21 18:17:00 +0500
Processing by Devise::RegistrationsController#new as HTML
  Rendering layout layouts/application.html.erb
  Rendering devise/registrations/new.html.erb within layouts/application
  Rendered devise/shared/_error_messages.html.erb (Duration: 0.8ms | Allocations: 214)
  Rendered devise/shared/_links.html.erb (Duration: 3.3ms | Allocations: 669)
  Rendered devise/registrations/new.html.erb within layouts/application (Duration: 17.5ms | Allocations: 2615)
  Rendered layout layouts/application.html.erb (Duration: 32.8ms | Allocations: 4058)
Completed 200 OK in 152ms (Views: 128.9ms | ActiveRecord: 7.0ms | Allocations: 10988)


Started POST "/users" for 127.0.0.1 at 2023-11-21 18:17:21 +0500
Processing by Devise::RegistrationsController#create as HTML
  Parameters: {"authenticity_token"=>"[FILTERED]", "user"=>{"name"=>"Abdul Wahab", "email"=>"whb901@gmail.com", "password"=>"[FILTERED]", "password_confirmation"=>"[FILTERED]"}, "commit"=>"Sign up"}
[31mUnpermitted parameter: :name. Context: { controller: Devise::RegistrationsController, action: create, request: #<ActionDispatch::Request:0x000002294a1dc818>, params: {"authenticity_token"=>"[FILTERED]", "user"=>{"name"=>"Abdul Wahab", "email"=>"whb901@gmail.com", "password"=>"[FILTERED]", "password_confirmation"=>"[FILTERED]"}, "commit"=>"Sign up", "controller"=>"devise/registrations", "action"=>"create"} }[0m
  [1m[36mTRANSACTION (0.2ms)[0m  [1m[35mBEGIN[0m
  [1m[36mUser Exists? (8.1ms)[0m  [1m[34mSELECT 1 AS one FROM "users" WHERE "users"."email" = $1 LIMIT $2[0m  [["email", "whb901@gmail.com"], ["LIMIT", 1]]
  [1m[36mTRANSACTION (0.4ms)[0m  [1m[31mROLLBACK[0m
  Rendering layout layouts/application.html.erb
  Rendering devise/registrations/new.html.erb within layouts/application
  Rendered devise/shared/_error_messages.html.erb (Duration: 1.3ms | Allocations: 464)
  Rendered devise/shared/_links.html.erb (Duration: 4.0ms | Allocations: 229)
  Rendered devise/registrations/new.html.erb within layouts/application (Duration: 13.2ms | Allocations: 2179)
  Rendered layout layouts/application.html.erb (Duration: 22.7ms | Allocations: 3333)
Completed 422 Unprocessable Entity in 491ms (Views: 29.7ms | ActiveRecord: 8.6ms | Allocations: 13150)


Started GET "/users" for 127.0.0.1 at 2023-11-21 18:18:37 +0500
  
ActionController::RoutingError (No route matches [GET] "/users"):
  
Started POST "/users" for 127.0.0.1 at 2023-11-21 18:18:52 +0500
Processing by Devise::RegistrationsController#create as HTML
  Parameters: {"authenticity_token"=>"[FILTERED]", "user"=>{"name"=>"Abdul Wahab", "email"=>"whb901@gmail.com", "password"=>"[FILTERED]", "password_confirmation"=>"[FILTERED]"}, "commit"=>"Sign up"}
[31mUnpermitted parameter: :name. Context: { controller: Devise::RegistrationsController, action: create, request: #<ActionDispatch::Request:0x000002294a21b5e0>, params: {"authenticity_token"=>"[FILTERED]", "user"=>{"name"=>"Abdul Wahab", "email"=>"whb901@gmail.com", "password"=>"[FILTERED]", "password_confirmation"=>"[FILTERED]"}, "commit"=>"Sign up", "controller"=>"devise/registrations", "action"=>"create"} }[0m
  [1m[36mTRANSACTION (0.2ms)[0m  [1m[35mBEGIN[0m
  [1m[36mUser Exists? (3.1ms)[0m  [1m[34mSELECT 1 AS one FROM "users" WHERE "users"."email" = $1 LIMIT $2[0m  [["email", "whb901@gmail.com"], ["LIMIT", 1]]
  [1m[36mTRANSACTION (0.3ms)[0m  [1m[31mROLLBACK[0m
  Rendering layout layouts/application.html.erb
  Rendering devise/registrations/new.html.erb within layouts/application
  Rendered devise/shared/_error_messages.html.erb (Duration: 1.3ms | Allocations: 563)
  Rendered devise/shared/_links.html.erb (Duration: 2.5ms | Allocations: 669)
  Rendered devise/registrations/new.html.erb within layouts/application (Duration: 16.3ms | Allocations: 3304)
  Rendered layout layouts/application.html.erb (Duration: 27.4ms | Allocations: 4742)
Completed 422 Unprocessable Entity in 475ms (Views: 91.1ms | ActiveRecord: 9.1ms | Allocations: 16671)


Started POST "/users" for 127.0.0.1 at 2023-11-21 18:19:18 +0500
Processing by Devise::RegistrationsController#create as HTML
  Parameters: {"authenticity_token"=>"[FILTERED]", "user"=>{"name"=>"Abbas", "email"=>"abbas@gmail.com", "password"=>"[FILTERED]", "password_confirmation"=>"[FILTERED]"}, "commit"=>"Sign up"}
[31mUnpermitted parameter: :name. Context: { controller: Devise::RegistrationsController, action: create, request: #<ActionDispatch::Request:0x0000022949486060>, params: {"authenticity_token"=>"[FILTERED]", "user"=>{"name"=>"Abbas", "email"=>"abbas@gmail.com", "password"=>"[FILTERED]", "password_confirmation"=>"[FILTERED]"}, "commit"=>"Sign up", "controller"=>"devise/registrations", "action"=>"create"} }[0m
  [1m[36mTRANSACTION (0.2ms)[0m  [1m[35mBEGIN[0m
  [1m[36mUser Exists? (2.8ms)[0m  [1m[34mSELECT 1 AS one FROM "users" WHERE "users"."email" = $1 LIMIT $2[0m  [["email", "abbas@gmail.com"], ["LIMIT", 1]]
  [1m[36mTRANSACTION (0.2ms)[0m  [1m[31mROLLBACK[0m
  Rendering layout layouts/application.html.erb
  Rendering devise/registrations/new.html.erb within layouts/application
  Rendered devise/shared/_error_messages.html.erb (Duration: 0.5ms | Allocations: 350)
  Rendered devise/shared/_links.html.erb (Duration: 1.3ms | Allocations: 229)
  Rendered devise/registrations/new.html.erb within layouts/application (Duration: 6.9ms | Allocations: 2051)
  Rendered layout layouts/application.html.erb (Duration: 18.8ms | Allocations: 3205)
Completed 422 Unprocessable Entity in 357ms (Views: 20.3ms | ActiveRecord: 3.3ms | Allocations: 8397)


Started GET "/users/sign_in" for 127.0.0.1 at 2023-11-21 18:19:30 +0500
Processing by Devise::SessionsController#new as HTML
  Rendering layout layouts/application.html.erb
  Rendering devise/sessions/new.html.erb within layouts/application
  Rendered devise/shared/_links.html.erb (Duration: 1.6ms | Allocations: 344)
  Rendered devise/sessions/new.html.erb within layouts/application (Duration: 8.3ms | Allocations: 1498)
  Rendered layout layouts/application.html.erb (Duration: 14.9ms | Allocations: 2656)
Completed 200 OK in 26ms (Views: 22.9ms | ActiveRecord: 0.0ms | Allocations: 3844)


Started GET "/users/sign_up" for 127.0.0.1 at 2023-11-21 18:19:32 +0500
Processing by Devise::RegistrationsController#new as HTML
  Rendering layout layouts/application.html.erb
  Rendering devise/registrations/new.html.erb within layouts/application
  Rendered devise/shared/_error_messages.html.erb (Duration: 0.0ms | Allocations: 13)
  Rendered devise/shared/_links.html.erb (Duration: 1.3ms | Allocations: 229)
  Rendered devise/registrations/new.html.erb within layouts/application (Duration: 5.5ms | Allocations: 1274)
  Rendered layout layouts/application.html.erb (Duration: 15.2ms | Allocations: 2433)
Completed 200 OK in 20ms (Views: 16.6ms | ActiveRecord: 0.0ms | Allocations: 3202)


Started POST "/users" for 127.0.0.1 at 2023-11-21 18:20:03 +0500
Processing by Devise::RegistrationsController#create as HTML
  Parameters: {"authenticity_token"=>"[FILTERED]", "user"=>{"name"=>"bajwa", "email"=>"bajwa@gmail.com", "password"=>"[FILTERED]", "password_confirmation"=>"[FILTERED]"}, "commit"=>"Sign up"}
[31mUnpermitted parameter: :name. Context: { controller: Devise::RegistrationsController, action: create, request: #<ActionDispatch::Request:0x000002294950e118>, params: {"authenticity_token"=>"[FILTERED]", "user"=>{"name"=>"bajwa", "email"=>"bajwa@gmail.com", "password"=>"[FILTERED]", "password_confirmation"=>"[FILTERED]"}, "commit"=>"Sign up", "controller"=>"devise/registrations", "action"=>"create"} }[0m
  [1m[36mTRANSACTION (0.2ms)[0m  [1m[35mBEGIN[0m
  [1m[36mUser Exists? (3.3ms)[0m  [1m[34mSELECT 1 AS one FROM "users" WHERE "users"."email" = $1 LIMIT $2[0m  [["email", "bajwa@gmail.com"], ["LIMIT", 1]]
  [1m[36mTRANSACTION (0.3ms)[0m  [1m[31mROLLBACK[0m
  Rendering layout layouts/application.html.erb
  Rendering devise/registrations/new.html.erb within layouts/application
  Rendered devise/shared/_error_messages.html.erb (Duration: 1.3ms | Allocations: 563)
  Rendered devise/shared/_links.html.erb (Duration: 2.2ms | Allocations: 669)
  Rendered devise/registrations/new.html.erb within layouts/application (Duration: 14.6ms | Allocations: 3306)
  Rendered layout layouts/application.html.erb (Duration: 25.4ms | Allocations: 4744)
Completed 422 Unprocessable Entity in 403ms (Views: 47.5ms | ActiveRecord: 9.0ms | Allocations: 16717)


Started POST "/users" for 127.0.0.1 at 2023-11-21 18:23:21 +0500
Processing by Devise::RegistrationsController#create as HTML
  Parameters: {"authenticity_token"=>"[FILTERED]", "user"=>{"name"=>"bajwa", "email"=>"bajwa@gmail.com", "password"=>"[FILTERED]", "password_confirmation"=>"[FILTERED]"}, "commit"=>"Sign up"}
  [1m[36mTRANSACTION (0.2ms)[0m  [1m[35mBEGIN[0m
  [1m[36mUser Exists? (2.7ms)[0m  [1m[34mSELECT 1 AS one FROM "users" WHERE "users"."email" = $1 LIMIT $2[0m  [["email", "bajwa@gmail.com"], ["LIMIT", 1]]
  [1m[36mUser Create (1.6ms)[0m  [1m[32mINSERT INTO "users" ("name", "created_at", "updated_at", "email", "encrypted_password", "reset_password_token", "reset_password_sent_at", "remember_created_at", "confirmation_token", "confirmed_at", "confirmation_sent_at", "unconfirmed_email") VALUES ($1, $2, $3, $4, $5, $6, $7, $8, $9, $10, $11, $12) RETURNING "id"[0m  [["name", "bajwa"], ["created_at", "2023-11-21 13:23:28.316573"], ["updated_at", "2023-11-21 13:23:28.316573"], ["email", "bajwa@gmail.com"], ["encrypted_password", "[FILTERED]"], ["reset_password_token", "[FILTERED]"], ["reset_password_sent_at", "[FILTERED]"], ["remember_created_at", nil], ["confirmation_token", "[FILTERED]"], ["confirmed_at", nil], ["confirmation_sent_at", "2023-11-21 13:23:28.316733"], ["unconfirmed_email", nil]]
  [1m[36mTRANSACTION (1.6ms)[0m  [1m[35mCOMMIT[0m
  Rendering devise/mailer/confirmation_instructions.html.erb
  Rendered devise/mailer/confirmation_instructions.html.erb (Duration: 1.9ms | Allocations: 311)
Devise::Mailer#confirmation_instructions: processed outbound mail in 36.9ms
Delivered mail 655caf5082829_20e83e1c590d3@DESKTOP-5LCMIHU.mail (4104.2ms)
Date: Tue, 21 Nov 2023 18:23:28 +0500
From: please-change-me-at-config-initializers-devise@example.com
Reply-To: please-change-me-at-config-initializers-devise@example.com
To: bajwa@gmail.com
Message-ID: <655caf5082829_20e83e1c590d3@DESKTOP-5LCMIHU.mail>
Subject: Confirmation instructions
Mime-Version: 1.0
Content-Type: text/html;
 charset=UTF-8
Content-Transfer-Encoding: 7bit

<p>Welcome bajwa@gmail.com!</p>

<p>You can confirm your account email through the link below:</p>

<p><a href="http://localhost:3000/users/confirmation?confirmation_token=rKJ89z7bVcutQpiydyzg">Confirm my account</a></p>

Redirected to http://127.0.0.1:3000/
Completed 303 See Other in 4721ms (ActiveRecord: 10.0ms | Allocations: 35641)


Started GET "/" for 127.0.0.1 at 2023-11-21 18:23:32 +0500
Processing by HomeController#index as HTML
Completed 401 Unauthorized in 4ms (ActiveRecord: 0.0ms | Allocations: 646)


Started GET "/users/sign_in" for 127.0.0.1 at 2023-11-21 18:23:32 +0500
Processing by Devise::SessionsController#new as HTML
  Rendering layout layouts/application.html.erb
  Rendering devise/sessions/new.html.erb within layouts/application
  Rendered devise/shared/_links.html.erb (Duration: 2.5ms | Allocations: 772)
  Rendered devise/sessions/new.html.erb within layouts/application (Duration: 10.1ms | Allocations: 2052)
  Rendered layout layouts/application.html.erb (Duration: 24.2ms | Allocations: 3492)
Completed 200 OK in 48ms (Views: 44.4ms | ActiveRecord: 0.0ms | Allocations: 4850)


Started GET "/users/confirmation?confirmation_token=[FILTERED]" for ::1 at 2023-11-21 18:23:46 +0500
Processing by Devise::ConfirmationsController#show as HTML
  Parameters: {"confirmation_token"=>"[FILTERED]"}
  [1m[36mUser Load (0.9ms)[0m  [1m[34mSELECT "users".* FROM "users" WHERE "users"."confirmation_token" = $1 ORDER BY "users"."id" ASC LIMIT $2[0m  [["confirmation_token", "[FILTERED]"], ["LIMIT", 1]]
  [1m[36mTRANSACTION (0.2ms)[0m  [1m[35mBEGIN[0m
  [1m[36mUser Update (8.8ms)[0m  [1m[33mUPDATE "users" SET "updated_at" = $1, "confirmed_at" = $2 WHERE "users"."id" = $3[0m  [["updated_at", "2023-11-21 13:23:47.171456"], ["confirmed_at", "2023-11-21 13:23:47.170307"], ["id", 10]]
  [1m[36mTRANSACTION (0.9ms)[0m  [1m[35mCOMMIT[0m
Redirected to http://localhost:3000/users/sign_in
Completed 302 Found in 86ms (ActiveRecord: 10.9ms | Allocations: 6090)


Started GET "/users/sign_in" for ::1 at 2023-11-21 18:23:47 +0500
Processing by Devise::SessionsController#new as HTML
  Rendering layout layouts/application.html.erb
  Rendering devise/sessions/new.html.erb within layouts/application
  Rendered devise/shared/_links.html.erb (Duration: 3.0ms | Allocations: 329)
  Rendered devise/sessions/new.html.erb within layouts/application (Duration: 7.9ms | Allocations: 1148)
  Rendered layout layouts/application.html.erb (Duration: 24.0ms | Allocations: 2307)
Completed 200 OK in 34ms (Views: 26.6ms | ActiveRecord: 0.0ms | Allocations: 3039)


Started POST "/users/sign_in" for ::1 at 2023-11-21 18:24:07 +0500
Processing by Devise::SessionsController#create as HTML
  Parameters: {"authenticity_token"=>"[FILTERED]", "user"=>{"email"=>"bajwa@gmail.com", "password"=>"[FILTERED]", "remember_me"=>"0"}, "commit"=>"Log in"}
  [1m[36mUser Load (0.4ms)[0m  [1m[34mSELECT "users".* FROM "users" WHERE "users"."email" = $1 ORDER BY "users"."id" ASC LIMIT $2[0m  [["email", "bajwa@gmail.com"], ["LIMIT", 1]]
Redirected to http://localhost:3000/
Completed 303 See Other in 336ms (ActiveRecord: 0.4ms | Allocations: 2849)


Started GET "/" for ::1 at 2023-11-21 18:24:07 +0500
Processing by HomeController#index as HTML
  [1m[36mUser Load (0.3ms)[0m  [1m[34mSELECT "users".* FROM "users" WHERE "users"."id" = $1 ORDER BY "users"."id" ASC LIMIT $2[0m  [["id", 10], ["LIMIT", 1]]
  Rendering layout layouts/application.html.erb
  Rendering home/index.html.erb within layouts/application
  Rendered home/index.html.erb within layouts/application (Duration: 1.1ms | Allocations: 97)
  Rendered layout layouts/application.html.erb (Duration: 8.6ms | Allocations: 1339)
Completed 200 OK in 243ms (Views: 20.0ms | ActiveRecord: 3.9ms | Allocations: 15467)


Started POST "/users/sign_in" for 127.0.0.1 at 2023-11-21 18:24:31 +0500
Processing by Devise::SessionsController#create as HTML
  Parameters: {"authenticity_token"=>"[FILTERED]", "user"=>{"email"=>"bajwa@gmail.com", "password"=>"[FILTERED]", "remember_me"=>"0"}, "commit"=>"Log in"}
  [1m[36mUser Load (0.6ms)[0m  [1m[34mSELECT "users".* FROM "users" WHERE "users"."email" = $1 ORDER BY "users"."id" ASC LIMIT $2[0m  [["email", "bajwa@gmail.com"], ["LIMIT", 1]]
Completed 401 Unauthorized in 434ms (ActiveRecord: 0.6ms | Allocations: 1860)


Processing by Devise::SessionsController#new as HTML
  Parameters: {"authenticity_token"=>"[FILTERED]", "user"=>{"email"=>"bajwa@gmail.com", "password"=>"[FILTERED]", "remember_me"=>"0"}, "commit"=>"Log in"}
  Rendering layout layouts/application.html.erb
  Rendering devise/sessions/new.html.erb within layouts/application
  Rendered devise/shared/_links.html.erb (Duration: 1.6ms | Allocations: 329)
  Rendered devise/sessions/new.html.erb within layouts/application (Duration: 4.5ms | Allocations: 1137)
  Rendered layout layouts/application.html.erb (Duration: 14.3ms | Allocations: 2285)
Completed 200 OK in 356ms (Views: 15.8ms | ActiveRecord: 0.0ms | Allocations: 2780)


Started POST "/users/sign_in" for 127.0.0.1 at 2023-11-21 18:24:39 +0500
Processing by Devise::SessionsController#create as HTML
  Parameters: {"authenticity_token"=>"[FILTERED]", "user"=>{"email"=>"bajwa@gmail.com", "password"=>"[FILTERED]", "remember_me"=>"0"}, "commit"=>"Log in"}
  [1m[36mUser Load (0.5ms)[0m  [1m[34mSELECT "users".* FROM "users" WHERE "users"."email" = $1 ORDER BY "users"."id" ASC LIMIT $2[0m  [["email", "bajwa@gmail.com"], ["LIMIT", 1]]
Redirected to http://127.0.0.1:3000/
Completed 303 See Other in 337ms (ActiveRecord: 0.5ms | Allocations: 2646)


Started GET "/" for 127.0.0.1 at 2023-11-21 18:24:40 +0500
Processing by HomeController#index as HTML
  [1m[36mUser Load (0.4ms)[0m  [1m[34mSELECT "users".* FROM "users" WHERE "users"."id" = $1 ORDER BY "users"."id" ASC LIMIT $2[0m  [["id", 10], ["LIMIT", 1]]
  Rendering layout layouts/application.html.erb
  Rendering home/index.html.erb within layouts/application
  Rendered home/index.html.erb within layouts/application (Duration: 0.0ms | Allocations: 7)
  Rendered layout layouts/application.html.erb (Duration: 11.2ms | Allocations: 1169)
Completed 200 OK in 22ms (Views: 13.3ms | ActiveRecord: 0.4ms | Allocations: 3205)


